Adopting distributed multi processing training
GPU in main worker is 1
GPU in main worker is 0
Use GPU: 0 for training
In the process of multi processing with rank as 0
=> creating model 'resnet50'
GPU setting 0
Updated batch size is 256
Params to learn:
	 module.encoder.layer3.0.conv1.weight
	 module.encoder.layer3.0.bn1.weight
	 module.encoder.layer3.0.bn1.bias
	 module.encoder.layer3.0.conv2.weight
	 module.encoder.layer3.0.bn2.weight
	 module.encoder.layer3.0.bn2.bias
	 module.encoder.layer3.0.conv3.weight
	 module.encoder.layer3.0.bn3.weight
	 module.encoder.layer3.0.bn3.bias
	 module.encoder.layer3.0.downsample.0.weight
	 module.encoder.layer3.0.downsample.1.weight
	 module.encoder.layer3.0.downsample.1.bias
	 module.encoder.layer3.1.conv1.weight
	 module.encoder.layer3.1.bn1.weight
	 module.encoder.layer3.1.bn1.bias
	 module.encoder.layer3.1.conv2.weight
	 module.encoder.layer3.1.bn2.weight
	 module.encoder.layer3.1.bn2.bias
	 module.encoder.layer3.1.conv3.weight
	 module.encoder.layer3.1.bn3.weight
	 module.encoder.layer3.1.bn3.bias
	 module.encoder.layer3.2.conv1.weight
	 module.encoder.layer3.2.bn1.weight
	 module.encoder.layer3.2.bn1.bias
	 module.encoder.layer3.2.conv2.weight
	 module.encoder.layer3.2.bn2.weight
	 module.encoder.layer3.2.bn2.bias
	 module.encoder.layer3.2.conv3.weight
	 module.encoder.layer3.2.bn3.weight
	 module.encoder.layer3.2.bn3.bias
	 module.encoder.layer3.3.conv1.weight
	 module.encoder.layer3.3.bn1.weight
	 module.encoder.layer3.3.bn1.bias
	 module.encoder.layer3.3.conv2.weight
	 module.encoder.layer3.3.bn2.weight
	 module.encoder.layer3.3.bn2.bias
	 module.encoder.layer3.3.conv3.weight
	 module.encoder.layer3.3.bn3.weight
	 module.encoder.layer3.3.bn3.bias
	 module.encoder.layer3.4.conv1.weight
	 module.encoder.layer3.4.bn1.weight
	 module.encoder.layer3.4.bn1.bias
	 module.encoder.layer3.4.conv2.weight
	 module.encoder.layer3.4.bn2.weight
	 module.encoder.layer3.4.bn2.bias
	 module.encoder.layer3.4.conv3.weight
	 module.encoder.layer3.4.bn3.weight
	 module.encoder.layer3.4.bn3.bias
	 module.encoder.layer3.5.conv1.weight
	 module.encoder.layer3.5.bn1.weight
	 module.encoder.layer3.5.bn1.bias
	 module.encoder.layer3.5.conv2.weight
	 module.encoder.layer3.5.bn2.weight
	 module.encoder.layer3.5.bn2.bias
	 module.encoder.layer3.5.conv3.weight
	 module.encoder.layer3.5.bn3.weight
	 module.encoder.layer3.5.bn3.bias
	 module.encoder.layer4.0.conv1.weight
	 module.encoder.layer4.0.bn1.weight
	 module.encoder.layer4.0.bn1.bias
	 module.encoder.layer4.0.conv2.weight
	 module.encoder.layer4.0.bn2.weight
	 module.encoder.layer4.0.bn2.bias
	 module.encoder.layer4.0.conv3.weight
	 module.encoder.layer4.0.bn3.weight
	 module.encoder.layer4.0.bn3.bias
	 module.encoder.layer4.0.downsample.0.weight
	 module.encoder.layer4.0.downsample.1.weight
	 module.encoder.layer4.0.downsample.1.bias
	 module.encoder.layer4.1.conv1.weight
	 module.encoder.layer4.1.bn1.weight
	 module.encoder.layer4.1.bn1.bias
	 module.encoder.layer4.1.conv2.weight
	 module.encoder.layer4.1.bn2.weight
	 module.encoder.layer4.1.bn2.bias
	 module.encoder.layer4.1.conv3.weight
	 module.encoder.layer4.1.bn3.weight
	 module.encoder.layer4.1.bn3.bias
	 module.encoder.layer4.2.conv1.weight
	 module.encoder.layer4.2.bn1.weight
	 module.encoder.layer4.2.bn1.bias
	 module.encoder.layer4.2.conv2.weight
	 module.encoder.layer4.2.bn2.weight
	 module.encoder.layer4.2.bn2.bias
	 module.encoder.layer4.2.conv3.weight
	 module.encoder.layer4.2.bn3.weight
	 module.encoder.layer4.2.bn3.bias
	 module.head.0.weight
	 module.head.0.bias
	 module.head.2.weight
	 module.head.2.bias
12
13
/home/knoviko/projects/DeepFashion/train_listfile.json
14
15
LENGTH TRAIN 15814
15814 2 256 7907 15814 0
7908 2 256 3954 7908 0
2 workers
Epoch 1/101
----------
Epoch: [1][ 0/30]	Time 43.763 (43.763)	Data 28.708 (28.708)	Loss 1.2692e+01 (1.2692e+01)	Acc@1   2.60 (  2.60)	Acc@5  20.96 ( 20.96)
Epoch: [1][10/30]	Time  3.940 ( 7.507)	Data  0.189 ( 2.782)	Loss 1.2607e+01 (1.2691e+01)	Acc@1   2.31 (  2.98)	Acc@5  20.67 ( 20.83)
Epoch: [1][20/30]	Time  4.027 ( 5.879)	Data  0.173 ( 1.544)	Loss 1.2399e+01 (1.2599e+01)	Acc@1   1.83 (  2.69)	Acc@5  15.67 ( 19.75)
Epoch: [1][30/30]	Time  3.580 ( 5.241)	Data  0.000 ( 1.104)	Loss 1.2084e+01 (1.2487e+01)	Acc@1   1.54 (  2.45)	Acc@5  15.58 ( 18.73)
Epoch 2/101
----------
Epoch: [2][ 0/30]	Time 31.374 (31.374)	Data 27.730 (27.730)	Loss 1.2152e+01 (1.2152e+01)	Acc@1   1.73 (  1.73)	Acc@5  19.04 ( 19.04)
Epoch: [2][10/30]	Time  3.969 ( 6.473)	Data  0.177 ( 2.706)	Loss 1.1728e+01 (1.1908e+01)	Acc@1   1.92 (  1.76)	Acc@5  15.67 ( 16.11)
Epoch: [2][20/30]	Time  3.964 ( 5.294)	Data  0.198 ( 1.514)	Loss 1.1584e+01 (1.1851e+01)	Acc@1   1.35 (  1.86)	Acc@5  11.35 ( 15.25)
Epoch: [2][30/30]	Time  3.502 ( 4.833)	Data  0.000 ( 1.080)	Loss 1.1500e+01 (1.1746e+01)	Acc@1   1.63 (  1.92)	Acc@5  14.62 ( 14.80)
Epoch 3/101
----------
Epoch: [3][ 0/30]	Time 33.407 (33.407)	Data 29.642 (29.642)	Loss 1.1488e+01 (1.1488e+01)	Acc@1   1.15 (  1.15)	Acc@5  14.23 ( 14.23)
Epoch: [3][10/30]	Time  3.988 ( 6.627)	Data  0.179 ( 2.879)	Loss 1.1542e+01 (1.1478e+01)	Acc@1   2.12 (  1.84)	Acc@5  15.10 ( 15.14)
Epoch: [3][20/30]	Time  3.904 ( 5.361)	Data  0.322 ( 1.635)	Loss 1.1362e+01 (1.1427e+01)	Acc@1   2.21 (  1.75)	Acc@5  15.67 ( 15.04)
Epoch: [3][30/30]	Time  3.518 ( 4.882)	Data  0.000 ( 1.167)	Loss 1.1207e+01 (1.1395e+01)	Acc@1   1.44 (  1.63)	Acc@5  16.54 ( 15.04)
Epoch 4/101
----------
Epoch: [4][ 0/30]	Time 29.829 (29.829)	Data 26.299 (26.299)	Loss 1.1207e+01 (1.1207e+01)	Acc@1   1.73 (  1.73)	Acc@5  14.81 ( 14.81)
Epoch: [4][10/30]	Time  3.819 ( 6.303)	Data  0.248 ( 2.582)	Loss 1.0752e+01 (1.0968e+01)	Acc@1   2.12 (  1.75)	Acc@5  15.48 ( 15.94)
Epoch: [4][20/30]	Time  4.006 ( 5.211)	Data  0.320 ( 1.482)	Loss 1.0823e+01 (1.0927e+01)	Acc@1   2.12 (  1.82)	Acc@5  15.29 ( 15.70)
Epoch: [4][30/30]	Time  3.435 ( 4.786)	Data  0.000 ( 1.062)	Loss 1.0603e+01 (1.0861e+01)	Acc@1   3.08 (  2.04)	Acc@5  16.83 ( 16.10)
Epoch 5/101
----------
Epoch: [5][ 0/30]	Time 27.389 (27.389)	Data 23.706 (23.706)	Loss 1.0452e+01 (1.0452e+01)	Acc@1   2.88 (  2.88)	Acc@5  16.83 ( 16.83)
Epoch: [5][10/30]	Time  3.875 ( 6.116)	Data  0.208 ( 2.355)	Loss 1.0176e+01 (1.0343e+01)	Acc@1   1.63 (  2.16)	Acc@5  14.42 ( 15.33)
Epoch: [5][20/30]	Time  3.953 ( 5.102)	Data  0.187 ( 1.342)	Loss 9.9719e+00 (1.0218e+01)	Acc@1   2.69 (  2.11)	Acc@5  14.62 ( 14.93)
Epoch: [5][30/30]	Time  3.523 ( 4.716)	Data  0.000 ( 0.957)	Loss 9.9845e+00 (1.0139e+01)	Acc@1   1.25 (  2.01)	Acc@5  14.90 ( 14.64)
Epoch 6/101
----------
Epoch: [6][ 0/30]	Time 30.253 (30.253)	Data 26.459 (26.459)	Loss 9.8477e+00 (9.8477e+00)	Acc@1   1.35 (  1.35)	Acc@5  14.62 ( 14.62)
Epoch: [6][10/30]	Time  3.914 ( 6.376)	Data  0.176 ( 2.584)	Loss 9.5465e+00 (9.8665e+00)	Acc@1   2.02 (  1.68)	Acc@5  16.06 ( 14.75)
Epoch: [6][20/30]	Time  4.120 ( 5.234)	Data  0.185 ( 1.465)	Loss 1.0145e+01 (9.8235e+00)	Acc@1   1.63 (  1.70)	Acc@5  15.19 ( 14.98)
Epoch: [6][30/30]	Time  3.594 ( 4.797)	Data  0.000 ( 1.043)	Loss 9.4074e+00 (9.7410e+00)	Acc@1   1.54 (  1.62)	Acc@5  14.81 ( 14.78)
Epoch 7/101
----------
Epoch: [7][ 0/30]	Time 38.822 (38.822)	Data 35.223 (35.223)	Loss 9.9690e+00 (9.9690e+00)	Acc@1   1.44 (  1.44)	Acc@5  16.63 ( 16.63)
Epoch: [7][10/30]	Time  3.824 ( 7.124)	Data  0.254 ( 3.399)	Loss 9.5503e+00 (9.5259e+00)	Acc@1   2.02 (  1.70)	Acc@5  16.83 ( 15.24)
Epoch: [7][20/30]	Time  3.856 ( 5.620)	Data  0.164 ( 1.884)	Loss 9.2703e+00 (9.4421e+00)	Acc@1   1.83 (  1.74)	Acc@5  15.19 ( 15.55)
Epoch: [7][30/30]	Time  3.520 ( 5.055)	Data  0.000 ( 1.325)	Loss 9.1625e+00 (9.3505e+00)	Acc@1   1.15 (  1.62)	Acc@5  14.81 ( 15.29)
Epoch 8/101
----------
Epoch: [8][ 0/30]	Time 44.024 (44.024)	Data 40.346 (40.346)	Loss 9.2575e+00 (9.2575e+00)	Acc@1   0.96 (  0.96)	Acc@5  14.81 ( 14.81)
Epoch: [8][10/30]	Time  3.887 ( 7.598)	Data  0.171 ( 3.847)	Loss 8.9739e+00 (9.1227e+00)	Acc@1   1.63 (  1.50)	Acc@5  15.96 ( 15.95)
Epoch: [8][20/30]	Time  3.949 ( 5.884)	Data  0.187 ( 2.115)	Loss 8.8060e+00 (9.0415e+00)	Acc@1   0.96 (  1.30)	Acc@5  13.94 ( 15.85)
Epoch: [8][30/30]	Time  3.653 ( 5.223)	Data  0.000 ( 1.484)	Loss 8.8892e+00 (8.9974e+00)	Acc@1   0.96 (  1.27)	Acc@5  15.19 ( 15.57)
Epoch 9/101
----------
Epoch: [9][ 0/30]	Time 31.968 (31.968)	Data 28.365 (28.365)	Loss 8.8666e+00 (8.8666e+00)	Acc@1   1.83 (  1.83)	Acc@5  15.38 ( 15.38)
Epoch: [9][10/30]	Time  3.983 ( 6.594)	Data  0.147 ( 2.756)	Loss 8.6973e+00 (8.8214e+00)	Acc@1   1.44 (  1.78)	Acc@5  15.10 ( 15.10)
Epoch: [9][20/30]	Time  3.885 ( 5.318)	Data  0.173 ( 1.543)	Loss 8.4916e+00 (8.7549e+00)	Acc@1   0.87 (  1.52)	Acc@5  12.88 ( 14.84)
Epoch: [9][30/30]	Time  3.514 ( 4.850)	Data  0.000 ( 1.100)	Loss 8.5181e+00 (8.6792e+00)	Acc@1   0.58 (  1.41)	Acc@5  12.60 ( 14.80)
Epoch 10/101
----------
Epoch: [10][ 0/30]	Time 30.515 (30.515)	Data 26.929 (26.929)	Loss 8.7732e+00 (8.7732e+00)	Acc@1   2.02 (  2.02)	Acc@5  15.87 ( 15.87)
Epoch: [10][10/30]	Time  3.886 ( 6.407)	Data  0.167 ( 2.678)	Loss 8.3888e+00 (8.5440e+00)	Acc@1   0.87 (  1.71)	Acc@5  14.33 ( 15.84)
Epoch: [10][20/30]	Time  4.021 ( 5.241)	Data  0.204 ( 1.503)	Loss 8.3500e+00 (8.4869e+00)	Acc@1   1.63 (  1.65)	Acc@5  13.56 ( 15.62)
Epoch: [10][30/30]	Time  3.537 ( 4.789)	Data  0.000 ( 1.074)	Loss 8.0525e+00 (8.4026e+00)	Acc@1   0.96 (  1.53)	Acc@5  13.56 ( 15.39)
Epoch 11/101
----------
Epoch: [11][ 0/30]	Time 29.623 (29.623)	Data 25.341 (25.341)	Loss 8.2756e+00 (8.2756e+00)	Acc@1   0.87 (  0.87)	Acc@5  14.62 ( 14.62)
Epoch: [11][10/30]	Time  4.035 ( 6.435)	Data  0.154 ( 2.514)	Loss 8.2324e+00 (8.3190e+00)	Acc@1   1.44 (  1.99)	Acc@5  13.56 ( 16.49)
Epoch: [11][20/30]	Time  3.989 ( 5.289)	Data  0.209 ( 1.431)	Loss 7.9044e+00 (8.1830e+00)	Acc@1   2.69 (  2.15)	Acc@5  16.44 ( 16.63)
Epoch: [11][30/30]	Time  3.457 ( 4.855)	Data  0.000 ( 1.026)	Loss 7.6780e+00 (8.0745e+00)	Acc@1   1.06 (  1.97)	Acc@5  14.42 ( 16.03)
Epoch 12/101
----------
Epoch: [12][ 0/30]	Time 38.568 (38.568)	Data 34.720 (34.720)	Loss 8.2001e+00 (8.2001e+00)	Acc@1   2.60 (  2.60)	Acc@5  16.35 ( 16.35)
Epoch: [12][10/30]	Time  3.954 ( 7.068)	Data  0.291 ( 3.370)	Loss 8.1087e+00 (8.0431e+00)	Acc@1   1.54 (  1.73)	Acc@5  15.87 ( 15.22)
Epoch: [12][20/30]	Time  3.927 ( 5.617)	Data  0.263 ( 1.878)	Loss 7.7172e+00 (7.9455e+00)	Acc@1   2.12 (  1.73)	Acc@5  15.58 ( 14.82)
Epoch: [12][30/30]	Time  3.545 ( 5.036)	Data  0.000 ( 1.326)	Loss 7.5948e+00 (7.8686e+00)	Acc@1   1.54 (  1.70)	Acc@5  11.73 ( 14.91)
Epoch 13/101
----------
Epoch: [13][ 0/30]	Time 37.908 (37.908)	Data 34.325 (34.325)	Loss 7.5978e+00 (7.5978e+00)	Acc@1   1.44 (  1.44)	Acc@5  14.90 ( 14.90)
Epoch: [13][10/30]	Time  4.121 ( 7.069)	Data  0.240 ( 3.320)	Loss 7.3933e+00 (7.6980e+00)	Acc@1   1.92 (  1.62)	Acc@5  12.98 ( 15.09)
Epoch: [13][20/30]	Time  3.865 ( 5.581)	Data  0.215 ( 1.842)	Loss 7.7287e+00 (7.6444e+00)	Acc@1   2.50 (  1.69)	Acc@5  13.94 ( 14.93)
Epoch: [13][30/30]	Time  3.494 ( 5.022)	Data  0.000 ( 1.315)	Loss 7.5304e+00 (7.5466e+00)	Acc@1   1.73 (  1.81)	Acc@5  13.17 ( 14.63)
Epoch 14/101
----------
Epoch: [14][ 0/30]	Time 41.795 (41.795)	Data 37.662 (37.662)	Loss 7.2805e+00 (7.2805e+00)	Acc@1   2.69 (  2.69)	Acc@5  15.38 ( 15.38)
Epoch: [14][10/30]	Time  4.012 ( 7.422)	Data  0.238 ( 3.598)	Loss 7.4263e+00 (7.4325e+00)	Acc@1   2.69 (  2.27)	Acc@5  15.96 ( 15.38)
Epoch: [14][20/30]	Time  3.993 ( 5.762)	Data  0.190 ( 1.974)	Loss 7.2088e+00 (7.3873e+00)	Acc@1   2.21 (  2.16)	Acc@5  17.12 ( 15.49)
Epoch: [14][30/30]	Time  3.408 ( 5.145)	Data  0.000 ( 1.388)	Loss 7.0775e+00 (7.3125e+00)	Acc@1   1.92 (  2.14)	Acc@5  16.25 ( 15.24)
Epoch 15/101
----------
Epoch: [15][ 0/30]	Time 26.621 (26.621)	Data 22.752 (22.752)	Loss 7.3830e+00 (7.3830e+00)	Acc@1   2.12 (  2.12)	Acc@5  15.96 ( 15.96)
Epoch: [15][10/30]	Time  3.873 ( 6.051)	Data  0.184 ( 2.268)	Loss 7.2645e+00 (7.3604e+00)	Acc@1   1.83 (  2.18)	Acc@5  15.96 ( 15.59)
Epoch: [15][20/30]	Time  4.080 ( 5.087)	Data  0.192 ( 1.283)	Loss 7.2716e+00 (7.2835e+00)	Acc@1   1.44 (  2.08)	Acc@5  15.38 ( 15.49)
Epoch: [15][30/30]	Time  3.581 ( 4.718)	Data  0.000 ( 0.932)	Loss 6.9791e+00 (7.2364e+00)	Acc@1   2.02 (  2.09)	Acc@5  13.65 ( 15.37)
Epoch 16/101
----------
Epoch: [16][ 0/30]	Time 32.947 (32.947)	Data 29.324 (29.324)	Loss 7.3181e+00 (7.3181e+00)	Acc@1   2.21 (  2.21)	Acc@5  14.71 ( 14.71)
Epoch: [16][10/30]	Time  3.840 ( 6.660)	Data  0.269 ( 2.897)	Loss 7.2830e+00 (7.2158e+00)	Acc@1   1.92 (  2.48)	Acc@5  16.83 ( 15.23)
Epoch: [16][20/30]	Time  3.845 ( 5.358)	Data  0.179 ( 1.616)	Loss 6.8476e+00 (7.1203e+00)	Acc@1   2.21 (  2.40)	Acc@5  14.90 ( 15.25)
Epoch: [16][30/30]	Time  3.469 ( 4.864)	Data  0.000 ( 1.148)	Loss 6.7467e+00 (7.0744e+00)	Acc@1   2.31 (  2.41)	Acc@5  14.62 ( 15.23)
Epoch 17/101
----------
Epoch: [17][ 0/30]	Time 28.485 (28.485)	Data 25.011 (25.011)	Loss 7.0672e+00 (7.0672e+00)	Acc@1   3.85 (  3.85)	Acc@5  17.69 ( 17.69)
Epoch: [17][10/30]	Time  3.716 ( 6.153)	Data  0.192 ( 2.474)	Loss 6.8245e+00 (7.0327e+00)	Acc@1   2.79 (  2.47)	Acc@5  17.21 ( 16.06)
Epoch: [17][20/30]	Time  3.767 ( 5.025)	Data  0.214 ( 1.387)	Loss 6.9409e+00 (6.9637e+00)	Acc@1   2.31 (  2.51)	Acc@5  16.73 ( 15.96)
Epoch: [17][30/30]	Time  3.472 ( 4.633)	Data  0.000 ( 0.996)	Loss 6.7026e+00 (6.8970e+00)	Acc@1   1.92 (  2.36)	Acc@5  16.54 ( 15.53)
Epoch 18/101
----------
Epoch: [18][ 0/30]	Time 25.882 (25.882)	Data 21.853 (21.853)	Loss 6.8404e+00 (6.8404e+00)	Acc@1   1.63 (  1.63)	Acc@5  16.92 ( 16.92)
Epoch: [18][10/30]	Time  3.900 ( 5.858)	Data  0.273 ( 2.190)	Loss 6.8978e+00 (6.8752e+00)	Acc@1   3.27 (  2.32)	Acc@5  15.87 ( 15.66)
Epoch: [18][20/30]	Time  3.988 ( 4.968)	Data  0.209 ( 1.260)	Loss 6.7113e+00 (6.8166e+00)	Acc@1   2.31 (  2.24)	Acc@5  14.33 ( 15.56)
Epoch: [18][30/30]	Time  3.478 ( 4.623)	Data  0.000 ( 0.905)	Loss 6.7956e+00 (6.7875e+00)	Acc@1   1.83 (  2.19)	Acc@5  14.62 ( 15.54)
Epoch 19/101
----------
Epoch: [19][ 0/30]	Time 30.676 (30.676)	Data 26.114 (26.114)	Loss 6.8069e+00 (6.8069e+00)	Acc@1   2.40 (  2.40)	Acc@5  16.06 ( 16.06)
Epoch: [19][10/30]	Time  4.214 ( 6.525)	Data  0.177 ( 2.598)	Loss 6.8086e+00 (6.8012e+00)	Acc@1   1.63 (  2.13)	Acc@5  13.65 ( 16.03)
Epoch: [19][20/30]	Time  3.976 ( 5.317)	Data  0.349 ( 1.463)	Loss 6.5264e+00 (6.7538e+00)	Acc@1   1.73 (  2.05)	Acc@5  12.60 ( 15.50)
Epoch: [19][30/30]	Time  3.501 ( 4.844)	Data  0.000 ( 1.040)	Loss 6.6333e+00 (6.7323e+00)	Acc@1   0.96 (  2.01)	Acc@5  13.37 ( 15.49)
Epoch 20/101
----------
Epoch: [20][ 0/30]	Time 29.687 (29.687)	Data 25.788 (25.788)	Loss 6.8647e+00 (6.8647e+00)	Acc@1   2.69 (  2.69)	Acc@5  19.81 ( 19.81)
Epoch: [20][10/30]	Time  3.836 ( 6.336)	Data  0.288 ( 2.557)	Loss 6.5409e+00 (6.7236e+00)	Acc@1   1.92 (  2.24)	Acc@5  16.73 ( 16.29)
Epoch: [20][20/30]	Time  3.757 ( 5.182)	Data  0.194 ( 1.432)	Loss 6.7266e+00 (6.7033e+00)	Acc@1   3.08 (  2.35)	Acc@5  15.67 ( 16.28)
Epoch: [20][30/30]	Time  3.472 ( 4.742)	Data  0.000 ( 1.026)	Loss 6.5775e+00 (6.6545e+00)	Acc@1   2.21 (  2.19)	Acc@5  14.13 ( 16.03)
Epoch 21/101
----------
Epoch: [21][ 0/30]	Time 27.698 (27.698)	Data 23.958 (23.958)	Loss 6.7388e+00 (6.7388e+00)	Acc@1   2.60 (  2.60)	Acc@5  17.79 ( 17.79)
Epoch: [21][10/30]	Time  3.950 ( 6.165)	Data  0.177 ( 2.381)	Loss 6.4621e+00 (6.6588e+00)	Acc@1   2.21 (  2.11)	Acc@5  16.06 ( 16.04)
Epoch: [21][20/30]	Time  3.853 ( 5.091)	Data  0.260 ( 1.355)	Loss 6.5681e+00 (6.6387e+00)	Acc@1   1.92 (  2.22)	Acc@5  14.52 ( 15.82)
Epoch: [21][30/30]	Time  3.505 ( 4.683)	Data  0.000 ( 0.969)	Loss 6.4305e+00 (6.5648e+00)	Acc@1   2.21 (  2.10)	Acc@5  14.90 ( 15.60)
Epoch 22/101
----------
Epoch: [22][ 0/30]	Time 38.071 (38.071)	Data 34.319 (34.319)	Loss 6.6456e+00 (6.6456e+00)	Acc@1   2.69 (  2.69)	Acc@5  15.77 ( 15.77)
Epoch: [22][10/30]	Time  4.036 ( 7.104)	Data  0.181 ( 3.317)	Loss 6.6503e+00 (6.5949e+00)	Acc@1   1.73 (  2.42)	Acc@5  14.04 ( 15.67)
Epoch: [22][20/30]	Time  3.758 ( 5.613)	Data  0.193 ( 1.841)	Loss 6.5027e+00 (6.5411e+00)	Acc@1   2.12 (  2.28)	Acc@5  16.63 ( 15.71)
Epoch: [22][30/30]	Time  3.463 ( 5.031)	Data  0.000 ( 1.305)	Loss 6.3504e+00 (6.4793e+00)	Acc@1   2.50 (  2.15)	Acc@5  15.67 ( 15.35)
Epoch 23/101
----------
Epoch: [23][ 0/30]	Time 32.546 (32.546)	Data 28.417 (28.417)	Loss 6.3571e+00 (6.3571e+00)	Acc@1   1.54 (  1.54)	Acc@5  15.67 ( 15.67)
Epoch: [23][10/30]	Time  3.856 ( 6.581)	Data  0.258 ( 2.786)	Loss 6.3321e+00 (6.4650e+00)	Acc@1   1.83 (  2.12)	Acc@5  16.15 ( 16.19)
Epoch: [23][20/30]	Time  3.814 ( 5.319)	Data  0.288 ( 1.570)	Loss 6.3766e+00 (6.4179e+00)	Acc@1   1.92 (  2.09)	Acc@5  16.44 ( 15.99)
Epoch: [23][30/30]	Time  3.503 ( 4.834)	Data  0.000 ( 1.118)	Loss 6.1730e+00 (6.3827e+00)	Acc@1   2.31 (  2.06)	Acc@5  16.54 ( 15.73)
Epoch 24/101
----------
Epoch: [24][ 0/30]	Time 29.442 (29.442)	Data 25.714 (25.714)	Loss 6.4928e+00 (6.4928e+00)	Acc@1   1.63 (  1.63)	Acc@5  13.85 ( 13.85)
Epoch: [24][10/30]	Time  3.885 ( 6.298)	Data  0.196 ( 2.538)	Loss 6.1922e+00 (6.3846e+00)	Acc@1   2.21 (  2.33)	Acc@5  15.29 ( 15.30)
Epoch: [24][20/30]	Time  3.964 ( 5.205)	Data  0.282 ( 1.436)	Loss 6.2756e+00 (6.3782e+00)	Acc@1   2.40 (  2.35)	Acc@5  16.73 ( 15.49)
Epoch: [24][30/30]	Time  3.596 ( 4.780)	Data  0.000 ( 1.027)	Loss 6.4595e+00 (6.3539e+00)	Acc@1   2.21 (  2.27)	Acc@5  14.90 ( 15.51)
Epoch 25/101
----------
Epoch: [25][ 0/30]	Time 33.517 (33.517)	Data 29.839 (29.839)	Loss 6.6698e+00 (6.6698e+00)	Acc@1   3.27 (  3.27)	Acc@5  14.52 ( 14.52)
Epoch: [25][10/30]	Time  4.005 ( 6.720)	Data  0.163 ( 2.935)	Loss 6.3913e+00 (6.4442e+00)	Acc@1   1.73 (  2.52)	Acc@5  16.63 ( 16.26)
Epoch: [25][20/30]	Time  4.218 ( 5.425)	Data  0.276 ( 1.628)	Loss 6.2272e+00 (6.4002e+00)	Acc@1   1.83 (  2.53)	Acc@5  16.25 ( 16.33)
Epoch: [25][30/30]	Time  3.560 ( 4.905)	Data  0.000 ( 1.156)	Loss 6.1841e+00 (6.3438e+00)	Acc@1   1.54 (  2.39)	Acc@5  13.75 ( 16.08)
Epoch 26/101
----------
Epoch: [26][ 0/30]	Time 22.888 (22.888)	Data 18.460 (18.460)	Loss 6.4656e+00 (6.4656e+00)	Acc@1   2.60 (  2.60)	Acc@5  15.00 ( 15.00)
Epoch: [26][10/30]	Time  3.910 ( 5.717)	Data  0.202 ( 1.860)	Loss 6.4840e+00 (6.3668e+00)	Acc@1   2.02 (  2.41)	Acc@5  15.67 ( 16.20)
Epoch: [26][20/30]	Time  3.813 ( 4.834)	Data  0.294 ( 1.069)	Loss 6.2613e+00 (6.3661e+00)	Acc@1   2.21 (  2.44)	Acc@5  17.50 ( 16.28)
Epoch: [26][30/30]	Time  3.435 ( 4.503)	Data  0.000 ( 0.783)	Loss 6.3289e+00 (6.3152e+00)	Acc@1   1.92 (  2.39)	Acc@5  13.37 ( 15.91)
Epoch 27/101
----------
Epoch: [27][ 0/30]	Time 29.862 (29.862)	Data 25.773 (25.773)	Loss 6.4739e+00 (6.4739e+00)	Acc@1   1.35 (  1.35)	Acc@5  16.92 ( 16.92)
Epoch: [27][10/30]	Time  3.844 ( 6.328)	Data  0.188 ( 2.543)	Loss 6.2169e+00 (6.3056e+00)	Acc@1   2.02 (  2.35)	Acc@5  18.08 ( 17.29)
Epoch: [27][20/30]	Time  3.983 ( 5.198)	Data  0.257 ( 1.433)	Loss 6.1101e+00 (6.2854e+00)	Acc@1   1.54 (  2.32)	Acc@5  15.87 ( 16.57)
Epoch: [27][30/30]	Time  3.467 ( 4.787)	Data  0.000 ( 1.042)	Loss 6.3898e+00 (6.2510e+00)	Acc@1   1.83 (  2.19)	Acc@5  16.44 ( 16.54)
Epoch 28/101
----------
Epoch: [28][ 0/30]	Time 39.569 (39.569)	Data 35.905 (35.905)	Loss 6.3087e+00 (6.3087e+00)	Acc@1   2.40 (  2.40)	Acc@5  17.98 ( 17.98)
Epoch: [28][10/30]	Time  3.960 ( 7.257)	Data  0.169 ( 3.456)	Loss 6.4378e+00 (6.2973e+00)	Acc@1   2.21 (  2.70)	Acc@5  17.79 ( 16.67)
Epoch: [28][20/30]	Time  3.956 ( 5.705)	Data  0.187 ( 1.906)	Loss 6.3624e+00 (6.2621e+00)	Acc@1   2.21 (  2.53)	Acc@5  17.60 ( 16.25)
Epoch: [28][30/30]	Time  3.506 ( 5.116)	Data  0.000 ( 1.349)	Loss 6.1403e+00 (6.2271e+00)	Acc@1   1.63 (  2.35)	Acc@5  13.46 ( 15.98)
Epoch 29/101
----------
Epoch: [29][ 0/30]	Time 27.065 (27.065)	Data 23.130 (23.130)	Loss 6.1115e+00 (6.1115e+00)	Acc@1   1.35 (  1.35)	Acc@5  15.38 ( 15.38)
Epoch: [29][10/30]	Time  3.980 ( 5.964)	Data  0.186 ( 2.264)	Loss 6.2625e+00 (6.1831e+00)	Acc@1   2.02 (  2.19)	Acc@5  15.58 ( 16.21)
Epoch: [29][20/30]	Time  3.886 ( 4.982)	Data  0.214 ( 1.287)	Loss 6.0081e+00 (6.1992e+00)	Acc@1   2.02 (  2.28)	Acc@5  16.35 ( 16.02)
Epoch: [29][30/30]	Time  3.421 ( 4.607)	Data  0.000 ( 0.927)	Loss 6.1323e+00 (6.1778e+00)	Acc@1   2.12 (  2.35)	Acc@5  15.19 ( 15.99)
Epoch 30/101
----------
Epoch: [30][ 0/30]	Time 24.771 (24.771)	Data 21.225 (21.225)	Loss 6.0265e+00 (6.0265e+00)	Acc@1   2.69 (  2.69)	Acc@5  14.13 ( 14.13)
Epoch: [30][10/30]	Time  3.951 ( 5.891)	Data  0.218 ( 2.115)	Loss 6.1229e+00 (6.1926e+00)	Acc@1   2.88 (  2.38)	Acc@5  15.10 ( 15.75)
Epoch: [30][20/30]	Time  4.057 ( 4.997)	Data  0.175 ( 1.204)	Loss 6.2351e+00 (6.1734e+00)	Acc@1   2.12 (  2.41)	Acc@5  17.88 ( 16.17)
Epoch: [30][30/30]	Time  3.506 ( 4.641)	Data  0.000 ( 0.877)	Loss 6.1911e+00 (6.1666e+00)	Acc@1   2.31 (  2.39)	Acc@5  13.46 ( 15.96)
Epoch 31/101
----------
Epoch: [31][ 0/30]	Time 35.304 (35.304)	Data 31.391 (31.391)	Loss 6.4741e+00 (6.4741e+00)	Acc@1   2.12 (  2.12)	Acc@5  15.10 ( 15.10)
Epoch: [31][10/30]	Time  3.971 ( 6.860)	Data  0.166 ( 3.060)	Loss 6.2301e+00 (6.2477e+00)	Acc@1   1.44 (  2.14)	Acc@5  17.40 ( 15.27)
Epoch: [31][20/30]	Time  3.851 ( 5.467)	Data  0.206 ( 1.697)	Loss 6.1124e+00 (6.1729e+00)	Acc@1   1.92 (  2.27)	Acc@5  15.48 ( 15.57)
Epoch: [31][30/30]	Time  3.497 ( 4.958)	Data  0.000 ( 1.210)	Loss 5.9431e+00 (6.1534e+00)	Acc@1   2.02 (  2.25)	Acc@5  16.63 ( 15.75)
Epoch 32/101
----------
Epoch: [32][ 0/30]	Time 34.288 (34.288)	Data 30.479 (30.479)	Loss 6.2035e+00 (6.2035e+00)	Acc@1   2.31 (  2.31)	Acc@5  15.77 ( 15.77)
Epoch: [32][10/30]	Time  3.773 ( 6.690)	Data  0.293 ( 2.968)	Loss 6.0864e+00 (6.1536e+00)	Acc@1   2.40 (  2.14)	Acc@5  15.67 ( 16.92)
Epoch: [32][20/30]	Time  3.829 ( 5.357)	Data  0.247 ( 1.662)	Loss 6.1671e+00 (6.0965e+00)	Acc@1   2.02 (  2.03)	Acc@5  14.62 ( 16.03)
Epoch: [32][30/30]	Time  3.432 ( 4.849)	Data  0.000 ( 1.176)	Loss 5.9157e+00 (6.0493e+00)	Acc@1   2.69 (  2.09)	Acc@5  15.67 ( 15.96)
Epoch 33/101
----------
Epoch: [33][ 0/30]	Time 31.207 (31.207)	Data 27.306 (27.306)	Loss 6.3253e+00 (6.3253e+00)	Acc@1   2.02 (  2.02)	Acc@5  16.54 ( 16.54)
Epoch: [33][10/30]	Time  3.982 ( 6.493)	Data  0.280 ( 2.696)	Loss 6.2802e+00 (6.0814e+00)	Acc@1   1.54 (  2.12)	Acc@5  15.48 ( 15.84)
Epoch: [33][20/30]	Time  3.934 ( 5.270)	Data  0.250 ( 1.510)	Loss 5.8491e+00 (6.0493e+00)	Acc@1   1.06 (  2.17)	Acc@5  14.33 ( 15.77)
Epoch: [33][30/30]	Time  3.490 ( 4.835)	Data  0.000 ( 1.079)	Loss 5.6124e+00 (6.0046e+00)	Acc@1   3.27 (  2.18)	Acc@5  16.63 ( 15.64)
Epoch 34/101
----------
Epoch: [34][ 0/30]	Time 35.441 (35.441)	Data 31.752 (31.752)	Loss 6.0239e+00 (6.0239e+00)	Acc@1   2.31 (  2.31)	Acc@5  16.15 ( 16.15)
Epoch: [34][10/30]	Time  3.975 ( 6.850)	Data  0.235 ( 3.078)	Loss 5.9439e+00 (5.9962e+00)	Acc@1   2.02 (  2.34)	Acc@5  16.92 ( 16.10)
Epoch: [34][20/30]	Time  3.897 ( 5.446)	Data  0.193 ( 1.726)	Loss 5.9685e+00 (5.9458e+00)	Acc@1   3.17 (  2.46)	Acc@5  16.25 ( 16.01)
Epoch: [34][30/30]	Time  3.501 ( 4.905)	Data  0.000 ( 1.230)	Loss 5.8988e+00 (5.9296e+00)	Acc@1   2.79 (  2.39)	Acc@5  17.02 ( 15.93)
Epoch 35/101
----------
Epoch: [35][ 0/30]	Time 28.803 (28.803)	Data 24.118 (24.118)	Loss 6.0218e+00 (6.0218e+00)	Acc@1   2.21 (  2.21)	Acc@5  15.67 ( 15.67)
Epoch: [35][10/30]	Time  3.835 ( 6.232)	Data  0.179 ( 2.385)	Loss 5.8192e+00 (5.9933e+00)	Acc@1   1.83 (  2.44)	Acc@5  15.10 ( 16.29)
Epoch: [35][20/30]	Time  3.906 ( 5.161)	Data  0.189 ( 1.352)	Loss 5.9721e+00 (5.9697e+00)	Acc@1   2.31 (  2.36)	Acc@5  15.58 ( 16.04)
Epoch: [35][30/30]	Time  3.515 ( 4.752)	Data  0.000 ( 0.971)	Loss 5.7954e+00 (5.9328e+00)	Acc@1   1.83 (  2.38)	Acc@5  13.94 ( 15.88)
Epoch 36/101
----------
Epoch: [36][ 0/30]	Time 22.632 (22.632)	Data 18.679 (18.679)	Loss 6.1647e+00 (6.1647e+00)	Acc@1   2.60 (  2.60)	Acc@5  15.87 ( 15.87)
Epoch: [36][10/30]	Time  3.801 ( 5.652)	Data  0.143 ( 1.857)	Loss 6.1912e+00 (6.0594e+00)	Acc@1   2.98 (  2.35)	Acc@5  16.54 ( 16.23)
Epoch: [36][20/30]	Time  3.750 ( 4.757)	Data  0.156 ( 1.062)	Loss 5.8626e+00 (5.9672e+00)	Acc@1   2.98 (  2.37)	Acc@5  16.92 ( 16.36)
Epoch: [36][30/30]	Time  3.470 ( 4.411)	Data  0.000 ( 0.768)	Loss 5.8021e+00 (5.9189e+00)	Acc@1   2.21 (  2.31)	Acc@5  15.87 ( 16.18)
Epoch 37/101
----------
Epoch: [37][ 0/30]	Time 30.097 (30.097)	Data 26.553 (26.553)	Loss 5.9192e+00 (5.9192e+00)	Acc@1   2.12 (  2.12)	Acc@5  14.52 ( 14.52)
Epoch: [37][10/30]	Time  3.679 ( 6.170)	Data  0.184 ( 2.595)	Loss 5.7033e+00 (5.9254e+00)	Acc@1   2.60 (  2.39)	Acc@5  16.15 ( 16.86)
Epoch: [37][20/30]	Time  3.770 ( 5.003)	Data  0.219 ( 1.452)	Loss 5.7876e+00 (5.8921e+00)	Acc@1   2.60 (  2.31)	Acc@5  17.60 ( 16.37)
Epoch: [37][30/30]	Time  3.442 ( 4.601)	Data  0.000 ( 1.047)	Loss 5.9143e+00 (5.8680e+00)	Acc@1   3.08 (  2.32)	Acc@5  15.29 ( 16.49)
Epoch 38/101
----------
Epoch: [38][ 0/30]	Time 21.812 (21.812)	Data 17.918 (17.918)	Loss 6.1158e+00 (6.1158e+00)	Acc@1   1.63 (  1.63)	Acc@5  15.67 ( 15.67)
Epoch: [38][10/30]	Time  3.960 ( 5.614)	Data  0.236 ( 1.821)	Loss 5.9175e+00 (5.9335e+00)	Acc@1   1.92 (  2.24)	Acc@5  15.38 ( 16.42)
Epoch: [38][20/30]	Time  4.118 ( 4.804)	Data  0.196 ( 1.059)	Loss 5.9080e+00 (5.8883e+00)	Acc@1   2.69 (  2.38)	Acc@5  16.73 ( 16.49)
Epoch: [38][30/30]	Time  3.496 ( 4.505)	Data  0.000 ( 0.785)	Loss 5.8300e+00 (5.8645e+00)	Acc@1   2.12 (  2.29)	Acc@5  14.62 ( 16.38)
Epoch 39/101
----------
Epoch: [39][ 0/30]	Time 29.568 (29.568)	Data 26.004 (26.004)	Loss 5.8507e+00 (5.8507e+00)	Acc@1   2.21 (  2.21)	Acc@5  15.48 ( 15.48)
Epoch: [39][10/30]	Time  4.107 ( 6.351)	Data  0.176 ( 2.545)	Loss 5.9833e+00 (5.8521e+00)	Acc@1   2.21 (  2.33)	Acc@5  17.69 ( 17.22)
Epoch: [39][20/30]	Time  4.024 ( 5.203)	Data  0.200 ( 1.438)	Loss 5.7886e+00 (5.8440e+00)	Acc@1   2.50 (  2.33)	Acc@5  17.31 ( 17.11)
Epoch: [39][30/30]	Time  3.591 ( 4.779)	Data  0.000 ( 1.030)	Loss 5.8193e+00 (5.8034e+00)	Acc@1   2.50 (  2.36)	Acc@5  16.92 ( 16.85)
Epoch 40/101
----------
Epoch: [40][ 0/30]	Time 28.757 (28.757)	Data 24.881 (24.881)	Loss 6.0295e+00 (6.0295e+00)	Acc@1   2.98 (  2.98)	Acc@5  15.96 ( 15.96)
Epoch: [40][10/30]	Time  3.870 ( 6.263)	Data  0.167 ( 2.466)	Loss 5.8816e+00 (5.8577e+00)	Acc@1   1.54 (  2.49)	Acc@5  16.73 ( 16.56)
Epoch: [40][20/30]	Time  3.943 ( 5.162)	Data  0.197 ( 1.398)	Loss 5.7054e+00 (5.8347e+00)	Acc@1   1.54 (  2.63)	Acc@5  14.81 ( 16.68)
Epoch: [40][30/30]	Time  3.494 ( 4.758)	Data  0.000 ( 1.002)	Loss 5.7602e+00 (5.8230e+00)	Acc@1   2.31 (  2.61)	Acc@5  14.71 ( 16.63)
Epoch 41/101
----------
Epoch: [41][ 0/30]	Time 30.080 (30.080)	Data 26.254 (26.254)	Loss 5.9628e+00 (5.9628e+00)	Acc@1   1.92 (  1.92)	Acc@5  15.29 ( 15.29)
Epoch: [41][10/30]	Time  3.927 ( 6.412)	Data  0.250 ( 2.580)	Loss 5.7434e+00 (5.8781e+00)	Acc@1   2.79 (  2.15)	Acc@5  17.21 ( 16.56)
Epoch: [41][20/30]	Time  4.023 ( 5.262)	Data  0.287 ( 1.444)	Loss 5.7369e+00 (5.8261e+00)	Acc@1   2.79 (  2.30)	Acc@5  15.29 ( 16.34)
Epoch: [41][30/30]	Time  3.437 ( 4.807)	Data  0.000 ( 1.033)	Loss 5.8558e+00 (5.8051e+00)	Acc@1   2.21 (  2.22)	Acc@5  13.75 ( 16.08)
Epoch 42/101
----------
Epoch: [42][ 0/30]	Time 28.947 (28.947)	Data 25.254 (25.254)	Loss 5.5933e+00 (5.5933e+00)	Acc@1   2.79 (  2.79)	Acc@5  15.10 ( 15.10)
Epoch: [42][10/30]	Time  3.988 ( 6.234)	Data  0.176 ( 2.478)	Loss 5.8268e+00 (5.7741e+00)	Acc@1   3.75 (  2.80)	Acc@5  17.02 ( 16.98)
Epoch: [42][20/30]	Time  3.957 ( 5.161)	Data  0.337 ( 1.409)	Loss 5.6813e+00 (5.7578e+00)	Acc@1   2.31 (  2.65)	Acc@5  17.40 ( 16.58)
Epoch: [42][30/30]	Time  3.439 ( 4.745)	Data  0.000 ( 1.009)	Loss 5.5535e+00 (5.7191e+00)	Acc@1   2.60 (  2.46)	Acc@5  15.48 ( 16.10)
Epoch 43/101
----------
Epoch: [43][ 0/30]	Time 35.384 (35.384)	Data 31.733 (31.733)	Loss 5.7661e+00 (5.7661e+00)	Acc@1   3.37 (  3.37)	Acc@5  17.69 ( 17.69)
Epoch: [43][10/30]	Time  3.958 ( 6.859)	Data  0.172 ( 3.077)	Loss 5.6146e+00 (5.7457e+00)	Acc@1   2.31 (  2.67)	Acc@5  16.44 ( 17.40)
Epoch: [43][20/30]	Time  4.035 ( 5.498)	Data  0.183 ( 1.706)	Loss 5.7062e+00 (5.7450e+00)	Acc@1   2.21 (  2.65)	Acc@5  15.00 ( 16.91)
Epoch: [43][30/30]	Time  3.483 ( 4.973)	Data  0.000 ( 1.219)	Loss 5.6688e+00 (5.7065e+00)	Acc@1   2.12 (  2.49)	Acc@5  16.25 ( 16.41)
Epoch 44/101
----------
Epoch: [44][ 0/30]	Time 31.196 (31.196)	Data 26.931 (26.931)	Loss 5.5642e+00 (5.5642e+00)	Acc@1   1.92 (  1.92)	Acc@5  16.83 ( 16.83)
Epoch: [44][10/30]	Time  4.103 ( 6.466)	Data  0.156 ( 2.624)	Loss 5.5191e+00 (5.6771e+00)	Acc@1   2.40 (  2.47)	Acc@5  15.38 ( 17.26)
Epoch: [44][20/30]	Time  4.157 ( 5.294)	Data  0.220 ( 1.486)	Loss 5.6613e+00 (5.6331e+00)	Acc@1   1.54 (  2.55)	Acc@5  13.56 ( 16.69)
Epoch: [44][30/30]	Time  3.525 ( 4.846)	Data  0.000 ( 1.064)	Loss 5.6163e+00 (5.6228e+00)	Acc@1   2.12 (  2.46)	Acc@5  16.06 ( 16.57)
Epoch 45/101
----------
Epoch: [45][ 0/30]	Time 40.715 (40.715)	Data 37.046 (37.046)	Loss 5.7365e+00 (5.7365e+00)	Acc@1   2.12 (  2.12)	Acc@5  17.31 ( 17.31)
Epoch: [45][10/30]	Time  3.755 ( 7.324)	Data  0.287 ( 3.549)	Loss 5.6734e+00 (5.6979e+00)	Acc@1   1.25 (  2.33)	Acc@5  14.62 ( 16.97)
Epoch: [45][20/30]	Time  4.043 ( 5.708)	Data  0.181 ( 1.964)	Loss 5.6949e+00 (5.6492e+00)	Acc@1   2.69 (  2.32)	Acc@5  15.38 ( 16.90)
Epoch: [45][30/30]	Time  3.483 ( 5.099)	Data  0.000 ( 1.394)	Loss 5.4044e+00 (5.6131e+00)	Acc@1   1.63 (  2.32)	Acc@5  14.71 ( 16.61)
Epoch 46/101
----------
Epoch: [46][ 0/30]	Time 32.348 (32.348)	Data 28.581 (28.581)	Loss 5.6590e+00 (5.6590e+00)	Acc@1   3.08 (  3.08)	Acc@5  18.17 ( 18.17)
Epoch: [46][10/30]	Time  3.730 ( 6.545)	Data  0.173 ( 2.768)	Loss 5.4985e+00 (5.6183e+00)	Acc@1   1.54 (  2.67)	Acc@5  17.02 ( 16.84)
Epoch: [46][20/30]	Time  4.052 ( 5.321)	Data  0.177 ( 1.551)	Loss 5.5981e+00 (5.5820e+00)	Acc@1   2.60 (  2.57)	Acc@5  15.87 ( 16.82)
Epoch: [46][30/30]	Time  3.484 ( 4.851)	Data  0.000 ( 1.115)	Loss 5.4815e+00 (5.5547e+00)	Acc@1   2.40 (  2.52)	Acc@5  16.25 ( 16.62)
Epoch 47/101
----------
Epoch: [47][ 0/30]	Time 32.543 (32.543)	Data 28.962 (28.962)	Loss 5.6645e+00 (5.6645e+00)	Acc@1   3.17 (  3.17)	Acc@5  17.69 ( 17.69)
Epoch: [47][10/30]	Time  4.087 ( 6.606)	Data  0.175 ( 2.821)	Loss 5.4001e+00 (5.5728e+00)	Acc@1   2.79 (  2.77)	Acc@5  15.87 ( 17.80)
Epoch: [47][20/30]	Time  4.048 ( 5.382)	Data  0.197 ( 1.590)	Loss 5.4777e+00 (5.5441e+00)	Acc@1   3.27 (  2.55)	Acc@5  17.21 ( 17.36)
Epoch: [47][30/30]	Time  3.505 ( 4.895)	Data  0.000 ( 1.130)	Loss 5.2721e+00 (5.5111e+00)	Acc@1   2.69 (  2.55)	Acc@5  17.21 ( 17.07)
Epoch 48/101
----------
Epoch: [48][ 0/30]	Time 23.177 (23.177)	Data 18.806 (18.806)	Loss 5.6554e+00 (5.6554e+00)	Acc@1   3.27 (  3.27)	Acc@5  15.96 ( 15.96)
Epoch: [48][10/30]	Time  4.250 ( 5.844)	Data  0.170 ( 1.911)	Loss 5.3266e+00 (5.5057e+00)	Acc@1   3.75 (  2.74)	Acc@5  16.44 ( 17.71)
Epoch: [48][20/30]	Time  3.892 ( 4.949)	Data  0.168 ( 1.103)	Loss 5.4444e+00 (5.4640e+00)	Acc@1   2.40 (  2.74)	Acc@5  15.77 ( 17.37)
Epoch: [48][30/30]	Time  3.508 ( 4.593)	Data  0.000 ( 0.806)	Loss 5.3729e+00 (5.4437e+00)	Acc@1   2.02 (  2.64)	Acc@5  16.83 ( 17.00)
Epoch 49/101
----------
Epoch: [49][ 0/30]	Time 26.339 (26.339)	Data 22.584 (22.584)	Loss 5.5479e+00 (5.5479e+00)	Acc@1   2.60 (  2.60)	Acc@5  17.50 ( 17.50)
Epoch: [49][10/30]	Time  4.001 ( 5.983)	Data  0.191 ( 2.255)	Loss 5.4115e+00 (5.5236e+00)	Acc@1   2.31 (  2.60)	Acc@5  16.35 ( 16.80)
Epoch: [49][20/30]	Time  3.956 ( 4.995)	Data  0.260 ( 1.289)	Loss 5.4557e+00 (5.5092e+00)	Acc@1   2.69 (  2.65)	Acc@5  17.88 ( 17.12)
Epoch: [49][30/30]	Time  3.428 ( 4.631)	Data  0.000 ( 0.928)	Loss 5.2822e+00 (5.4459e+00)	Acc@1   2.40 (  2.54)	Acc@5  17.12 ( 16.64)
Epoch 50/101
----------
Epoch: [50][ 0/30]	Time 34.393 (34.393)	Data 29.354 (29.354)	Loss 5.6226e+00 (5.6226e+00)	Acc@1   2.69 (  2.69)	Acc@5  17.31 ( 17.31)
Epoch: [50][10/30]	Time  3.953 ( 6.827)	Data  0.170 ( 2.875)	Loss 5.3252e+00 (5.4183e+00)	Acc@1   2.40 (  2.13)	Acc@5  17.50 ( 16.38)
Epoch: [50][20/30]	Time  4.009 ( 5.461)	Data  0.242 ( 1.599)	Loss 5.5037e+00 (5.3925e+00)	Acc@1   1.73 (  2.28)	Acc@5  14.90 ( 16.37)
Epoch: [50][30/30]	Time  3.616 ( 4.958)	Data  0.000 ( 1.146)	Loss 5.3685e+00 (5.3766e+00)	Acc@1   2.69 (  2.18)	Acc@5  15.77 ( 16.37)
Epoch 51/101
----------
Epoch: [51][ 0/30]	Time 22.528 (22.528)	Data 18.692 (18.692)	Loss 5.4525e+00 (5.4525e+00)	Acc@1   2.02 (  2.02)	Acc@5  16.35 ( 16.35)
Epoch: [51][10/30]	Time  3.881 ( 5.658)	Data  0.268 ( 1.864)	Loss 5.3988e+00 (5.4143e+00)	Acc@1   3.27 (  2.53)	Acc@5  17.31 ( 18.06)
Epoch: [51][20/30]	Time  3.816 ( 4.801)	Data  0.150 ( 1.075)	Loss 5.4049e+00 (5.3775e+00)	Acc@1   2.12 (  2.55)	Acc@5  16.06 ( 17.51)
Epoch: [51][30/30]	Time  3.510 ( 4.471)	Data  0.000 ( 0.786)	Loss 5.3314e+00 (5.3451e+00)	Acc@1   2.40 (  2.43)	Acc@5  16.54 ( 16.99)
Epoch 52/101
----------
Epoch: [52][ 0/30]	Time 28.455 (28.455)	Data 24.933 (24.933)	Loss 5.3937e+00 (5.3937e+00)	Acc@1   2.02 (  2.02)	Acc@5  16.44 ( 16.44)
Epoch: [52][10/30]	Time  3.811 ( 6.217)	Data  0.264 ( 2.459)	Loss 5.3603e+00 (5.3336e+00)	Acc@1   2.88 (  2.50)	Acc@5  17.60 ( 17.63)
Epoch: [52][20/30]	Time  4.063 ( 5.130)	Data  0.359 ( 1.394)	Loss 5.1685e+00 (5.2921e+00)	Acc@1   3.37 (  2.54)	Acc@5  19.23 ( 17.53)
Epoch: [52][30/30]	Time  3.481 ( 4.721)	Data  0.000 ( 1.006)	Loss 5.1908e+00 (5.2663e+00)	Acc@1   2.02 (  2.50)	Acc@5  19.62 ( 17.68)
Epoch 53/101
----------
Epoch: [53][ 0/30]	Time 24.772 (24.772)	Data 21.212 (21.212)	Loss 5.6030e+00 (5.6030e+00)	Acc@1   2.02 (  2.02)	Acc@5  19.71 ( 19.71)
Epoch: [53][10/30]	Time  3.847 ( 5.875)	Data  0.167 ( 2.111)	Loss 5.2730e+00 (5.2946e+00)	Acc@1   2.40 (  2.50)	Acc@5  17.79 ( 18.12)
Epoch: [53][20/30]	Time  4.144 ( 4.931)	Data  0.349 ( 1.212)	Loss 4.9495e+00 (5.2473e+00)	Acc@1   2.02 (  2.43)	Acc@5  17.02 ( 17.72)
Epoch: [53][30/30]	Time  3.474 ( 4.589)	Data  0.000 ( 0.878)	Loss 5.1707e+00 (5.2147e+00)	Acc@1   2.12 (  2.35)	Acc@5  16.25 ( 17.57)
Epoch 54/101
----------
Epoch: [54][ 0/30]	Time 20.880 (20.880)	Data 17.384 (17.384)	Loss 5.3555e+00 (5.3555e+00)	Acc@1   2.40 (  2.40)	Acc@5  18.08 ( 18.08)
Epoch: [54][10/30]	Time  4.151 ( 5.723)	Data  0.237 ( 1.813)	Loss 5.1773e+00 (5.2804e+00)	Acc@1   2.31 (  2.33)	Acc@5  18.94 ( 17.95)
Epoch: [54][20/30]	Time  4.033 ( 4.929)	Data  0.189 ( 1.048)	Loss 5.2396e+00 (5.2282e+00)	Acc@1   2.12 (  2.25)	Acc@5  17.02 ( 17.46)
Epoch: [54][30/30]	Time  3.484 ( 4.596)	Data  0.000 ( 0.767)	Loss 4.9794e+00 (5.1947e+00)	Acc@1   2.40 (  2.29)	Acc@5  20.48 ( 17.43)
Epoch 55/101
----------
Epoch: [55][ 0/30]	Time 28.862 (28.862)	Data 25.295 (25.295)	Loss 5.3429e+00 (5.3429e+00)	Acc@1   2.31 (  2.31)	Acc@5  16.25 ( 16.25)
Epoch: [55][10/30]	Time  4.005 ( 6.319)	Data  0.175 ( 2.514)	Loss 5.2500e+00 (5.1938e+00)	Acc@1   2.40 (  2.40)	Acc@5  17.69 ( 17.60)
Epoch: [55][20/30]	Time  4.149 ( 5.224)	Data  0.423 ( 1.414)	Loss 5.0926e+00 (5.1781e+00)	Acc@1   2.31 (  2.40)	Acc@5  18.08 ( 17.55)
Epoch: [55][30/30]	Time  3.552 ( 4.787)	Data  0.000 ( 1.015)	Loss 4.8447e+00 (5.1572e+00)	Acc@1   2.69 (  2.44)	Acc@5  17.98 ( 17.59)
Epoch 56/101
----------
Epoch: [56][ 0/30]	Time 39.326 (39.326)	Data 35.453 (35.453)	Loss 5.1072e+00 (5.1072e+00)	Acc@1   4.04 (  4.04)	Acc@5  18.94 ( 18.94)
Epoch: [56][10/30]	Time  4.077 ( 7.264)	Data  0.240 ( 3.426)	Loss 5.2819e+00 (5.1874e+00)	Acc@1   2.60 (  2.67)	Acc@5  17.31 ( 18.03)
Epoch: [56][20/30]	Time  4.168 ( 5.709)	Data  0.235 ( 1.900)	Loss 4.9497e+00 (5.1308e+00)	Acc@1   1.92 (  2.42)	Acc@5  14.62 ( 17.33)
Epoch: [56][30/30]	Time  3.539 ( 5.137)	Data  0.000 ( 1.343)	Loss 5.0948e+00 (5.0974e+00)	Acc@1   2.21 (  2.41)	Acc@5  16.15 ( 17.25)
Epoch 57/101
----------
Epoch: [57][ 0/30]	Time 28.656 (28.656)	Data 24.888 (24.888)	Loss 5.1658e+00 (5.1658e+00)	Acc@1   1.92 (  1.92)	Acc@5  18.27 ( 18.27)
Epoch: [57][10/30]	Time  3.906 ( 6.216)	Data  0.235 ( 2.460)	Loss 5.1691e+00 (5.1415e+00)	Acc@1   3.46 (  2.49)	Acc@5  18.37 ( 18.02)
Epoch: [57][20/30]	Time  4.139 ( 5.172)	Data  0.198 ( 1.397)	Loss 5.0086e+00 (5.1147e+00)	Acc@1   2.50 (  2.49)	Acc@5  20.38 ( 18.23)
Epoch: [57][30/30]	Time  3.396 ( 4.754)	Data  0.000 ( 1.000)	Loss 5.1871e+00 (5.1024e+00)	Acc@1   2.88 (  2.43)	Acc@5  15.77 ( 17.73)
Epoch 58/101
----------
Epoch: [58][ 0/30]	Time 38.520 (38.520)	Data 34.865 (34.865)	Loss 5.2293e+00 (5.2293e+00)	Acc@1   1.83 (  1.83)	Acc@5  15.77 ( 15.77)
Epoch: [58][10/30]	Time  4.066 ( 7.186)	Data  0.313 ( 3.378)	Loss 4.8506e+00 (5.0807e+00)	Acc@1   2.60 (  2.43)	Acc@5  17.79 ( 18.04)
Epoch: [58][20/30]	Time  3.885 ( 5.664)	Data  0.247 ( 1.879)	Loss 5.0420e+00 (5.0370e+00)	Acc@1   2.40 (  2.50)	Acc@5  17.12 ( 18.04)
Epoch: [58][30/30]	Time  3.468 ( 5.093)	Data  0.000 ( 1.338)	Loss 4.8968e+00 (5.0178e+00)	Acc@1   1.83 (  2.42)	Acc@5  17.31 ( 17.55)
Epoch 59/101
----------
Epoch: [59][ 0/30]	Time 25.907 (25.907)	Data 21.864 (21.864)	Loss 5.3262e+00 (5.3262e+00)	Acc@1   3.37 (  3.37)	Acc@5  17.50 ( 17.50)
Epoch: [59][10/30]	Time  3.987 ( 6.010)	Data  0.188 ( 2.207)	Loss 4.8858e+00 (5.0495e+00)	Acc@1   2.31 (  2.52)	Acc@5  18.27 ( 17.34)
Epoch: [59][20/30]	Time  4.068 ( 5.046)	Data  0.167 ( 1.241)	Loss 4.8774e+00 (5.0079e+00)	Acc@1   2.40 (  2.42)	Acc@5  19.71 ( 17.17)
Epoch: [59][30/30]	Time  3.487 ( 4.643)	Data  0.000 ( 0.905)	Loss 4.9792e+00 (4.9738e+00)	Acc@1   1.63 (  2.40)	Acc@5  18.27 ( 17.21)
Epoch 60/101
----------
Epoch: [60][ 0/30]	Time 30.756 (30.756)	Data 26.985 (26.985)	Loss 5.0559e+00 (5.0559e+00)	Acc@1   2.40 (  2.40)	Acc@5  20.87 ( 20.87)
Epoch: [60][10/30]	Time  3.850 ( 6.279)	Data  0.288 ( 2.609)	Loss 4.9797e+00 (5.0052e+00)	Acc@1   1.63 (  2.39)	Acc@5  16.54 ( 18.19)
Epoch: [60][20/30]	Time  3.776 ( 5.112)	Data  0.284 ( 1.477)	Loss 4.9187e+00 (4.9799e+00)	Acc@1   1.73 (  2.29)	Acc@5  18.65 ( 17.66)
Epoch: [60][30/30]	Time  3.456 ( 4.668)	Data  0.000 ( 1.061)	Loss 4.9514e+00 (4.9644e+00)	Acc@1   2.50 (  2.26)	Acc@5  19.04 ( 17.51)
Epoch 61/101
----------
Epoch: [61][ 0/30]	Time 20.024 (20.024)	Data 16.223 (16.223)	Loss 4.9684e+00 (4.9684e+00)	Acc@1   2.31 (  2.31)	Acc@5  18.56 ( 18.56)
Epoch: [61][10/30]	Time  3.879 ( 5.420)	Data  0.163 ( 1.660)	Loss 4.8433e+00 (4.9663e+00)	Acc@1   2.69 (  2.15)	Acc@5  17.21 ( 17.19)
Epoch: [61][20/30]	Time  3.708 ( 4.703)	Data  0.214 ( 0.982)	Loss 4.9227e+00 (4.9303e+00)	Acc@1   2.50 (  2.21)	Acc@5  15.38 ( 17.53)
Epoch: [61][30/30]	Time  3.571 ( 4.441)	Data  0.000 ( 0.720)	Loss 4.9787e+00 (4.8944e+00)	Acc@1   1.92 (  2.31)	Acc@5  18.17 ( 17.63)
Epoch 62/101
----------
Epoch: [62][ 0/30]	Time 42.723 (42.723)	Data 39.267 (39.267)	Loss 5.0338e+00 (5.0338e+00)	Acc@1   2.40 (  2.40)	Acc@5  17.40 ( 17.40)
Epoch: [62][10/30]	Time  3.824 ( 7.545)	Data  0.184 ( 3.757)	Loss 4.7633e+00 (4.9152e+00)	Acc@1   1.92 (  2.43)	Acc@5  18.56 ( 17.89)
Epoch: [62][20/30]	Time  4.111 ( 5.828)	Data  0.264 ( 2.083)	Loss 4.8036e+00 (4.8933e+00)	Acc@1   1.83 (  2.43)	Acc@5  15.67 ( 17.72)
Epoch: [62][30/30]	Time  3.431 ( 5.184)	Data  0.000 ( 1.475)	Loss 4.7896e+00 (4.8613e+00)	Acc@1   2.40 (  2.41)	Acc@5  15.48 ( 17.52)
Epoch 63/101
----------
Epoch: [63][ 0/30]	Time 23.930 (23.930)	Data 20.141 (20.141)	Loss 5.2560e+00 (5.2560e+00)	Acc@1   1.44 (  1.44)	Acc@5  16.15 ( 16.15)
Epoch: [63][10/30]	Time  3.881 ( 5.807)	Data  0.190 ( 2.023)	Loss 4.9948e+00 (4.9167e+00)	Acc@1   2.02 (  2.26)	Acc@5  15.67 ( 17.03)
Epoch: [63][20/30]	Time  4.121 ( 4.921)	Data  0.215 ( 1.175)	Loss 4.8384e+00 (4.8760e+00)	Acc@1   2.21 (  2.38)	Acc@5  18.27 ( 17.29)
Epoch: [63][30/30]	Time  3.423 ( 4.589)	Data  0.000 ( 0.862)	Loss 4.9992e+00 (4.8663e+00)	Acc@1   3.17 (  2.42)	Acc@5  17.40 ( 17.27)
Epoch 64/101
----------
Epoch: [64][ 0/30]	Time 25.901 (25.901)	Data 21.308 (21.308)	Loss 5.0657e+00 (5.0657e+00)	Acc@1   2.31 (  2.31)	Acc@5  16.83 ( 16.83)
Epoch: [64][10/30]	Time  3.874 ( 6.053)	Data  0.159 ( 2.131)	Loss 4.9107e+00 (4.8701e+00)	Acc@1   1.73 (  2.21)	Acc@5  16.83 ( 17.48)
Epoch: [64][20/30]	Time  3.935 ( 5.085)	Data  0.178 ( 1.220)	Loss 4.7475e+00 (4.8353e+00)	Acc@1   2.69 (  2.12)	Acc@5  17.12 ( 17.58)
Epoch: [64][30/30]	Time  3.444 ( 4.650)	Data  0.000 ( 0.882)	Loss 4.8381e+00 (4.8164e+00)	Acc@1   2.12 (  2.06)	Acc@5  17.12 ( 17.48)
Epoch 65/101
----------
Epoch: [65][ 0/30]	Time 30.790 (30.790)	Data 27.118 (27.118)	Loss 4.8131e+00 (4.8131e+00)	Acc@1   2.31 (  2.31)	Acc@5  16.06 ( 16.06)
Epoch: [65][10/30]	Time  3.794 ( 6.264)	Data  0.200 ( 2.641)	Loss 4.8229e+00 (4.7740e+00)	Acc@1   2.02 (  2.21)	Acc@5  17.40 ( 17.35)
Epoch: [65][20/30]	Time  3.844 ( 5.050)	Data  0.178 ( 1.473)	Loss 4.7746e+00 (4.7965e+00)	Acc@1   2.12 (  2.14)	Acc@5  16.73 ( 17.50)
Epoch: [65][30/30]	Time  3.429 ( 4.605)	Data  0.000 ( 1.042)	Loss 4.6521e+00 (4.7679e+00)	Acc@1   1.73 (  2.12)	Acc@5  17.79 ( 17.45)
Epoch 66/101
----------
Epoch: [66][ 0/30]	Time 19.310 (19.310)	Data 15.032 (15.032)	Loss 4.9127e+00 (4.9127e+00)	Acc@1   2.02 (  2.02)	Acc@5  18.08 ( 18.08)
Epoch: [66][10/30]	Time  3.752 ( 5.165)	Data  0.257 ( 1.534)	Loss 4.6166e+00 (4.8205e+00)	Acc@1   2.98 (  2.20)	Acc@5  16.73 ( 17.45)
Epoch: [66][20/30]	Time  3.635 ( 4.463)	Data  0.191 ( 0.897)	Loss 4.7455e+00 (4.7928e+00)	Acc@1   1.83 (  2.20)	Acc@5  15.67 ( 17.74)
Epoch: [66][30/30]	Time  3.494 ( 4.240)	Data  0.000 ( 0.670)	Loss 4.6616e+00 (4.7652e+00)	Acc@1   1.83 (  2.09)	Acc@5  17.50 ( 17.48)
Epoch 67/101
----------
Epoch: [67][ 0/30]	Time 21.678 (21.678)	Data 17.755 (17.755)	Loss 4.7578e+00 (4.7578e+00)	Acc@1   2.21 (  2.21)	Acc@5  16.92 ( 16.92)
Epoch: [67][10/30]	Time  3.934 ( 5.531)	Data  0.274 ( 1.802)	Loss 4.7834e+00 (4.8491e+00)	Acc@1   1.73 (  2.34)	Acc@5  17.02 ( 18.17)
Epoch: [67][20/30]	Time  3.782 ( 4.761)	Data  0.194 ( 1.049)	Loss 4.7760e+00 (4.7954e+00)	Acc@1   1.15 (  2.24)	Acc@5  15.96 ( 17.58)
Epoch: [67][30/30]	Time  3.497 ( 4.456)	Data  0.000 ( 0.770)	Loss 4.7426e+00 (4.7527e+00)	Acc@1   1.92 (  2.30)	Acc@5  15.67 ( 17.47)
Epoch 68/101
----------
Epoch: [68][ 0/30]	Time 21.527 (21.527)	Data 17.894 (17.894)	Loss 4.9353e+00 (4.9353e+00)	Acc@1   2.21 (  2.21)	Acc@5  18.56 ( 18.56)
Epoch: [68][10/30]	Time  4.040 ( 5.584)	Data  0.214 ( 1.793)	Loss 4.6532e+00 (4.7834e+00)	Acc@1   1.35 (  2.07)	Acc@5  19.04 ( 17.33)
Epoch: [68][20/30]	Time  4.036 ( 4.816)	Data  0.309 ( 1.043)	Loss 4.5475e+00 (4.7308e+00)	Acc@1   2.88 (  2.28)	Acc@5  18.85 ( 17.56)
Epoch: [68][30/30]	Time  3.532 ( 4.498)	Data  0.000 ( 0.763)	Loss 4.4957e+00 (4.7110e+00)	Acc@1   2.02 (  2.20)	Acc@5  15.48 ( 17.17)
Epoch 69/101
----------
Epoch: [69][ 0/30]	Time 27.653 (27.653)	Data 23.760 (23.760)	Loss 4.8593e+00 (4.8593e+00)	Acc@1   1.44 (  1.44)	Acc@5  15.29 ( 15.29)
Epoch: [69][10/30]	Time  3.823 ( 6.153)	Data  0.180 ( 2.353)	Loss 4.6748e+00 (4.6834e+00)	Acc@1   3.08 (  2.40)	Acc@5  19.23 ( 17.90)
Epoch: [69][20/30]	Time  3.901 ( 5.048)	Data  0.171 ( 1.330)	Loss 4.6137e+00 (4.6704e+00)	Acc@1   1.83 (  2.46)	Acc@5  15.19 ( 17.74)
Epoch: [69][30/30]	Time  3.456 ( 4.612)	Data  0.000 ( 0.963)	Loss 4.5211e+00 (4.6540e+00)	Acc@1   2.31 (  2.38)	Acc@5  18.27 ( 17.42)
Epoch 70/101
----------
Epoch: [70][ 0/30]	Time 28.165 (28.165)	Data 24.421 (24.421)	Loss 4.7155e+00 (4.7155e+00)	Acc@1   1.92 (  1.92)	Acc@5  18.65 ( 18.65)
Epoch: [70][10/30]	Time  3.810 ( 6.163)	Data  0.226 ( 2.428)	Loss 4.6597e+00 (4.7012e+00)	Acc@1   2.88 (  2.47)	Acc@5  14.81 ( 17.88)
Epoch: [70][20/30]	Time  3.923 ( 5.132)	Data  0.178 ( 1.392)	Loss 4.6724e+00 (4.6661e+00)	Acc@1   2.31 (  2.42)	Acc@5  16.35 ( 17.49)
Epoch: [70][30/30]	Time  3.503 ( 4.725)	Data  0.000 ( 1.000)	Loss 4.6747e+00 (4.6450e+00)	Acc@1   2.50 (  2.38)	Acc@5  15.67 ( 17.17)
Epoch 71/101
----------
Epoch: [71][ 0/30]	Time 23.702 (23.702)	Data 20.115 (20.115)	Loss 4.6745e+00 (4.6745e+00)	Acc@1   1.25 (  1.25)	Acc@5  14.90 ( 14.90)
Epoch: [71][10/30]	Time  4.136 ( 5.806)	Data  0.176 ( 1.995)	Loss 4.7789e+00 (4.6591e+00)	Acc@1   2.69 (  2.46)	Acc@5  18.27 ( 17.40)
Epoch: [71][20/30]	Time  3.973 ( 4.923)	Data  0.182 ( 1.138)	Loss 4.5661e+00 (4.6205e+00)	Acc@1   2.60 (  2.52)	Acc@5  19.33 ( 17.77)
Epoch: [71][30/30]	Time  3.492 ( 4.587)	Data  0.000 ( 0.830)	Loss 4.5037e+00 (4.6010e+00)	Acc@1   1.25 (  2.37)	Acc@5  17.40 ( 17.54)
Epoch 72/101
----------
Epoch: [72][ 0/30]	Time 33.151 (33.151)	Data 29.434 (29.434)	Loss 4.8186e+00 (4.8186e+00)	Acc@1   2.79 (  2.79)	Acc@5  17.79 ( 17.79)
Epoch: [72][10/30]	Time  3.702 ( 6.623)	Data  0.133 ( 2.858)	Loss 4.5694e+00 (4.6588e+00)	Acc@1   2.40 (  2.38)	Acc@5  17.50 ( 17.99)
Epoch: [72][20/30]	Time  3.673 ( 5.249)	Data  0.223 ( 1.602)	Loss 4.4722e+00 (4.6094e+00)	Acc@1   1.92 (  2.48)	Acc@5  16.25 ( 17.96)
Epoch: [72][30/30]	Time  3.552 ( 4.751)	Data  0.000 ( 1.131)	Loss 4.5877e+00 (4.5964e+00)	Acc@1   2.02 (  2.30)	Acc@5  16.06 ( 17.49)
Epoch 73/101
----------
Epoch: [73][ 0/30]	Time 27.693 (27.693)	Data 24.177 (24.177)	Loss 4.6208e+00 (4.6208e+00)	Acc@1   2.69 (  2.69)	Acc@5  19.42 ( 19.42)
Epoch: [73][10/30]	Time  3.992 ( 6.132)	Data  0.175 ( 2.382)	Loss 4.6442e+00 (4.5952e+00)	Acc@1   2.40 (  2.51)	Acc@5  19.04 ( 17.59)
Epoch: [73][20/30]	Time  3.802 ( 5.097)	Data  0.185 ( 1.345)	Loss 4.3704e+00 (4.5791e+00)	Acc@1   2.88 (  2.31)	Acc@5  16.92 ( 17.38)
Epoch: [73][30/30]	Time  3.463 ( 4.715)	Data  0.000 ( 0.971)	Loss 4.5441e+00 (4.5563e+00)	Acc@1   1.83 (  2.24)	Acc@5  16.73 ( 17.09)
Epoch 74/101
----------
Epoch: [74][ 0/30]	Time 27.673 (27.673)	Data 22.787 (22.787)	Loss 4.7150e+00 (4.7150e+00)	Acc@1   2.31 (  2.31)	Acc@5  18.56 ( 18.56)
Epoch: [74][10/30]	Time  3.781 ( 6.188)	Data  0.218 ( 2.266)	Loss 4.6155e+00 (4.6575e+00)	Acc@1   2.02 (  2.28)	Acc@5  17.40 ( 17.44)
Epoch: [74][20/30]	Time  3.854 ( 5.139)	Data  0.188 ( 1.278)	Loss 4.6214e+00 (4.6083e+00)	Acc@1   2.79 (  2.33)	Acc@5  17.21 ( 17.52)
Epoch: [74][30/30]	Time  3.452 ( 4.735)	Data  0.000 ( 0.921)	Loss 4.6495e+00 (4.5750e+00)	Acc@1   2.31 (  2.33)	Acc@5  16.25 ( 17.21)
Epoch 75/101
----------
Epoch: [75][ 0/30]	Time 33.366 (33.366)	Data 29.388 (29.388)	Loss 4.6920e+00 (4.6920e+00)	Acc@1   2.02 (  2.02)	Acc@5  17.60 ( 17.60)
Epoch: [75][10/30]	Time  4.019 ( 6.625)	Data  0.230 ( 2.873)	Loss 4.5339e+00 (4.5581e+00)	Acc@1   3.17 (  2.58)	Acc@5  16.83 ( 17.75)
Epoch: [75][20/30]	Time  4.045 ( 5.348)	Data  0.302 ( 1.615)	Loss 4.4830e+00 (4.5332e+00)	Acc@1   2.12 (  2.35)	Acc@5  14.71 ( 17.17)
Epoch: [75][30/30]	Time  3.501 ( 4.850)	Data  0.000 ( 1.146)	Loss 4.4787e+00 (4.5068e+00)	Acc@1   1.73 (  2.27)	Acc@5  15.77 ( 16.81)
Epoch 76/101
----------
Epoch: [76][ 0/30]	Time 28.367 (28.367)	Data 24.701 (24.701)	Loss 4.5531e+00 (4.5531e+00)	Acc@1   2.02 (  2.02)	Acc@5  15.67 ( 15.67)
Epoch: [76][10/30]	Time  3.831 ( 6.046)	Data  0.176 ( 2.413)	Loss 4.4053e+00 (4.5193e+00)	Acc@1   2.50 (  2.44)	Acc@5  17.69 ( 17.19)
Epoch: [76][20/30]	Time  3.821 ( 5.018)	Data  0.323 ( 1.360)	Loss 4.3768e+00 (4.4730e+00)	Acc@1   2.69 (  2.34)	Acc@5  17.40 ( 17.34)
Epoch: [76][30/30]	Time  3.499 ( 4.638)	Data  0.000 ( 0.986)	Loss 4.3494e+00 (4.4591e+00)	Acc@1   2.31 (  2.26)	Acc@5  18.75 ( 17.23)
Epoch 77/101
----------
Epoch: [77][ 0/30]	Time 24.774 (24.774)	Data 21.032 (21.032)	Loss 4.5591e+00 (4.5591e+00)	Acc@1   1.83 (  1.83)	Acc@5  19.52 ( 19.52)
Epoch: [77][10/30]	Time  3.896 ( 5.899)	Data  0.280 ( 2.087)	Loss 4.3524e+00 (4.4869e+00)	Acc@1   2.31 (  2.27)	Acc@5  19.52 ( 17.42)
Epoch: [77][20/30]	Time  4.010 ( 4.988)	Data  0.195 ( 1.208)	Loss 4.6262e+00 (4.4804e+00)	Acc@1   2.69 (  2.37)	Acc@5  16.35 ( 17.30)
Epoch: [77][30/30]	Time  3.589 ( 4.616)	Data  0.000 ( 0.876)	Loss 4.3862e+00 (4.4527e+00)	Acc@1   2.40 (  2.33)	Acc@5  16.44 ( 17.11)
Epoch 78/101
----------
Epoch: [78][ 0/30]	Time 22.296 (22.296)	Data 17.837 (17.837)	Loss 4.5714e+00 (4.5714e+00)	Acc@1   2.79 (  2.79)	Acc@5  18.46 ( 18.46)
Epoch: [78][10/30]	Time  4.228 ( 5.790)	Data  0.175 ( 1.824)	Loss 4.3417e+00 (4.5153e+00)	Acc@1   2.31 (  2.40)	Acc@5  17.02 ( 18.26)
Epoch: [78][20/30]	Time  3.827 ( 4.962)	Data  0.187 ( 1.062)	Loss 4.4676e+00 (4.4702e+00)	Acc@1   2.50 (  2.45)	Acc@5  16.92 ( 17.66)
Epoch: [78][30/30]	Time  3.419 ( 4.563)	Data  0.000 ( 0.779)	Loss 4.3104e+00 (4.4362e+00)	Acc@1   2.50 (  2.38)	Acc@5  17.21 ( 17.46)
Epoch 79/101
----------
Epoch: [79][ 0/30]	Time 31.162 (31.162)	Data 27.521 (27.521)	Loss 4.4689e+00 (4.4689e+00)	Acc@1   2.21 (  2.21)	Acc@5  17.40 ( 17.40)
Epoch: [79][10/30]	Time  3.651 ( 6.285)	Data  0.142 ( 2.687)	Loss 4.3415e+00 (4.4459e+00)	Acc@1   3.27 (  2.37)	Acc@5  18.37 ( 18.16)
Epoch: [79][20/30]	Time  3.952 ( 5.125)	Data  0.201 ( 1.503)	Loss 4.4187e+00 (4.4366e+00)	Acc@1   2.60 (  2.39)	Acc@5  19.52 ( 18.21)
Epoch: [79][30/30]	Time  3.459 ( 4.704)	Data  0.000 ( 1.084)	Loss 4.4023e+00 (4.4217e+00)	Acc@1   2.12 (  2.28)	Acc@5  17.02 ( 17.82)
Epoch 80/101
----------
Epoch: [80][ 0/30]	Time 22.163 (22.163)	Data 17.699 (17.699)	Loss 4.5707e+00 (4.5707e+00)	Acc@1   2.40 (  2.40)	Acc@5  18.37 ( 18.37)
Epoch: [80][10/30]	Time  3.920 ( 5.669)	Data  0.168 ( 1.846)	Loss 4.3042e+00 (4.4273e+00)	Acc@1   2.79 (  2.36)	Acc@5  18.85 ( 17.53)
Epoch: [80][20/30]	Time  4.101 ( 4.869)	Data  0.261 ( 1.087)	Loss 4.3334e+00 (4.3964e+00)	Acc@1   1.92 (  2.45)	Acc@5  18.17 ( 17.64)
Epoch: [80][30/30]	Time  3.464 ( 4.541)	Data  0.000 ( 0.799)	Loss 4.4409e+00 (4.3900e+00)	Acc@1   2.02 (  2.39)	Acc@5  16.83 ( 17.40)
Epoch 81/101
----------
Epoch: [81][ 0/30]	Time 33.151 (33.151)	Data 29.188 (29.188)	Loss 4.5608e+00 (4.5608e+00)	Acc@1   2.31 (  2.31)	Acc@5  17.21 ( 17.21)
Epoch: [81][10/30]	Time  3.946 ( 6.722)	Data  0.188 ( 2.840)	Loss 4.3250e+00 (4.4135e+00)	Acc@1   2.02 (  2.43)	Acc@5  17.12 ( 18.26)
Epoch: [81][20/30]	Time  3.982 ( 5.400)	Data  0.204 ( 1.584)	Loss 4.3900e+00 (4.4044e+00)	Acc@1   2.79 (  2.55)	Acc@5  17.79 ( 17.82)
Epoch: [81][30/30]	Time  3.452 ( 4.908)	Data  0.000 ( 1.125)	Loss 4.2614e+00 (4.3897e+00)	Acc@1   2.12 (  2.44)	Acc@5  17.79 ( 17.50)
Epoch 82/101
----------
Epoch: [82][ 0/30]	Time 29.409 (29.409)	Data 25.400 (25.400)	Loss 4.4360e+00 (4.4360e+00)	Acc@1   2.40 (  2.40)	Acc@5  17.12 ( 17.12)
Epoch: [82][10/30]	Time  4.063 ( 6.356)	Data  0.175 ( 2.520)	Loss 4.3965e+00 (4.4170e+00)	Acc@1   2.40 (  2.47)	Acc@5  16.35 ( 17.53)
Epoch: [82][20/30]	Time  3.800 ( 5.215)	Data  0.170 ( 1.426)	Loss 4.4482e+00 (4.4104e+00)	Acc@1   2.88 (  2.42)	Acc@5  18.65 ( 17.23)
Epoch: [82][30/30]	Time  3.596 ( 4.782)	Data  0.000 ( 1.018)	Loss 4.2902e+00 (4.3861e+00)	Acc@1   1.54 (  2.35)	Acc@5  19.13 ( 17.17)
Epoch 83/101
----------
Epoch: [83][ 0/30]	Time 38.173 (38.173)	Data 34.531 (34.531)	Loss 4.4213e+00 (4.4213e+00)	Acc@1   2.88 (  2.88)	Acc@5  18.37 ( 18.37)
Epoch: [83][10/30]	Time  3.953 ( 7.157)	Data  0.158 ( 3.322)	Loss 4.3251e+00 (4.3983e+00)	Acc@1   2.40 (  2.40)	Acc@5  15.67 ( 17.66)
Epoch: [83][20/30]	Time  4.056 ( 5.665)	Data  0.176 ( 1.838)	Loss 4.2641e+00 (4.3634e+00)	Acc@1   2.21 (  2.30)	Acc@5  16.73 ( 17.62)
Epoch: [83][30/30]	Time  3.526 ( 5.094)	Data  0.000 ( 1.307)	Loss 4.2574e+00 (4.3450e+00)	Acc@1   2.60 (  2.34)	Acc@5  17.12 ( 17.51)
Epoch 84/101
----------
Epoch: [84][ 0/30]	Time 34.233 (34.233)	Data 30.612 (30.612)	Loss 4.4872e+00 (4.4872e+00)	Acc@1   2.31 (  2.31)	Acc@5  17.21 ( 17.21)
Epoch: [84][10/30]	Time  3.682 ( 6.725)	Data  0.155 ( 2.950)	Loss 4.3755e+00 (4.3704e+00)	Acc@1   2.02 (  2.40)	Acc@5  18.37 ( 17.81)
Epoch: [84][20/30]	Time  3.860 ( 5.384)	Data  0.268 ( 1.643)	Loss 4.4017e+00 (4.3282e+00)	Acc@1   2.60 (  2.38)	Acc@5  16.44 ( 17.67)
Epoch: [84][30/30]	Time  3.549 ( 4.873)	Data  0.000 ( 1.164)	Loss 4.3994e+00 (4.3154e+00)	Acc@1   1.73 (  2.27)	Acc@5  17.31 ( 17.45)
Epoch 85/101
----------
Epoch: [85][ 0/30]	Time 23.776 (23.776)	Data 20.110 (20.110)	Loss 4.2308e+00 (4.2308e+00)	Acc@1   2.69 (  2.69)	Acc@5  17.69 ( 17.69)
Epoch: [85][10/30]	Time  3.729 ( 5.696)	Data  0.285 ( 2.023)	Loss 4.2358e+00 (4.3134e+00)	Acc@1   2.02 (  2.25)	Acc@5  18.46 ( 18.06)
Epoch: [85][20/30]	Time  3.678 ( 4.772)	Data  0.197 ( 1.154)	Loss 4.3066e+00 (4.3236e+00)	Acc@1   1.92 (  2.25)	Acc@5  18.46 ( 17.57)
Epoch: [85][30/30]	Time  3.584 ( 4.460)	Data  0.009 ( 0.842)	Loss 4.2460e+00 (4.2943e+00)	Acc@1   2.69 (  2.31)	Acc@5  18.94 ( 17.55)
Epoch 86/101
----------
Epoch: [86][ 0/30]	Time 66.434 (66.434)	Data 62.586 (62.586)	Loss 4.3777e+00 (4.3777e+00)	Acc@1   2.60 (  2.60)	Acc@5  17.02 ( 17.02)
Epoch: [86][10/30]	Time  3.959 ( 9.534)	Data  0.235 ( 5.856)	Loss 4.4277e+00 (4.3440e+00)	Acc@1   1.83 (  2.46)	Acc@5  16.73 ( 18.01)
Epoch: [86][20/30]	Time  3.687 ( 6.766)	Data  0.192 ( 3.164)	Loss 4.2689e+00 (4.2999e+00)	Acc@1   1.54 (  2.30)	Acc@5  16.73 ( 17.60)
Epoch: [86][30/30]	Time  3.366 ( 5.749)	Data  0.000 ( 2.197)	Loss 4.1908e+00 (4.2859e+00)	Acc@1   1.73 (  2.27)	Acc@5  18.46 ( 17.31)
Epoch 87/101
----------
Epoch: [87][ 0/30]	Time 17.902 (17.902)	Data 14.390 (14.390)	Loss 4.3979e+00 (4.3979e+00)	Acc@1   2.31 (  2.31)	Acc@5  17.50 ( 17.50)
Epoch: [87][10/30]	Time  3.748 ( 5.068)	Data  0.151 ( 1.479)	Loss 4.2434e+00 (4.3198e+00)	Acc@1   2.50 (  2.22)	Acc@5  16.06 ( 17.37)
Epoch: [87][20/30]	Time  3.631 ( 4.409)	Data  0.212 ( 0.877)	Loss 4.2392e+00 (4.3022e+00)	Acc@1   2.60 (  2.28)	Acc@5  16.44 ( 17.41)
Epoch: [87][30/30]	Time  3.376 ( 4.159)	Data  0.000 ( 0.648)	Loss 4.2341e+00 (4.2905e+00)	Acc@1   2.02 (  2.24)	Acc@5  15.77 ( 17.33)
Epoch 88/101
----------
Epoch: [88][ 0/30]	Time 18.635 (18.635)	Data 14.909 (14.909)	Loss 4.2808e+00 (4.2808e+00)	Acc@1   3.65 (  3.65)	Acc@5  18.85 ( 18.85)
Epoch: [88][10/30]	Time  3.685 ( 5.185)	Data  0.233 ( 1.543)	Loss 4.3188e+00 (4.3045e+00)	Acc@1   2.31 (  2.29)	Acc@5  17.40 ( 17.60)
Epoch: [88][20/30]	Time  3.807 ( 4.530)	Data  0.150 ( 0.907)	Loss 4.3521e+00 (4.2898e+00)	Acc@1   2.31 (  2.30)	Acc@5  16.44 ( 17.52)
Epoch: [88][30/30]	Time  3.428 ( 4.255)	Data  0.000 ( 0.669)	Loss 4.2106e+00 (4.2696e+00)	Acc@1   1.73 (  2.17)	Acc@5  16.15 ( 17.23)
Epoch 89/101
----------
Epoch: [89][ 0/30]	Time 19.361 (19.361)	Data 15.928 (15.928)	Loss 4.3241e+00 (4.3241e+00)	Acc@1   2.31 (  2.31)	Acc@5  20.00 ( 20.00)
Epoch: [89][10/30]	Time  3.650 ( 5.183)	Data  0.152 ( 1.632)	Loss 4.3203e+00 (4.2805e+00)	Acc@1   2.79 (  2.37)	Acc@5  17.60 ( 17.81)
Epoch: [89][20/30]	Time  3.693 ( 4.460)	Data  0.178 ( 0.946)	Loss 4.2501e+00 (4.2550e+00)	Acc@1   2.02 (  2.25)	Acc@5  15.87 ( 17.55)
Epoch: [89][30/30]	Time  3.404 ( 4.186)	Data  0.000 ( 0.697)	Loss 4.1080e+00 (4.2485e+00)	Acc@1   2.31 (  2.18)	Acc@5  18.56 ( 17.42)
Epoch 90/101
----------
Epoch: [90][ 0/30]	Time 19.189 (19.189)	Data 15.314 (15.314)	Loss 4.3467e+00 (4.3467e+00)	Acc@1   1.15 (  1.15)	Acc@5  17.98 ( 17.98)
Epoch: [90][10/30]	Time  3.760 ( 5.256)	Data  0.161 ( 1.561)	Loss 4.2120e+00 (4.2481e+00)	Acc@1   1.44 (  2.00)	Acc@5  16.15 ( 17.59)
Epoch: [90][20/30]	Time  3.799 ( 4.550)	Data  0.195 ( 0.924)	Loss 4.2847e+00 (4.2320e+00)	Acc@1   2.21 (  2.12)	Acc@5  17.21 ( 17.38)
Epoch: [90][30/30]	Time  3.476 ( 4.273)	Data  0.000 ( 0.689)	Loss 4.2355e+00 (4.2236e+00)	Acc@1   1.83 (  2.14)	Acc@5  17.21 ( 16.95)
Epoch 91/101
----------
Epoch: [91][ 0/30]	Time 34.051 (34.051)	Data 30.556 (30.556)	Loss 4.3033e+00 (4.3033e+00)	Acc@1   2.88 (  2.88)	Acc@5  18.17 ( 18.17)
Epoch: [91][10/30]	Time  3.741 ( 6.539)	Data  0.210 ( 2.940)	Loss 4.1567e+00 (4.2338e+00)	Acc@1   2.50 (  2.48)	Acc@5  18.17 ( 17.77)
Epoch: [91][20/30]	Time  3.732 ( 5.184)	Data  0.238 ( 1.625)	Loss 4.2666e+00 (4.2306e+00)	Acc@1   2.69 (  2.48)	Acc@5  18.85 ( 17.83)
Epoch: [91][30/30]	Time  3.417 ( 4.686)	Data  0.000 ( 1.152)	Loss 4.1557e+00 (4.2388e+00)	Acc@1   2.02 (  2.36)	Acc@5  16.73 ( 17.49)
Epoch 92/101
----------
Epoch: [92][ 0/30]	Time 21.349 (21.349)	Data 17.141 (17.141)	Loss 4.1675e+00 (4.1675e+00)	Acc@1   2.31 (  2.31)	Acc@5  19.13 ( 19.13)
Epoch: [92][10/30]	Time  3.661 ( 5.336)	Data  0.144 ( 1.728)	Loss 4.0712e+00 (4.1966e+00)	Acc@1   2.69 (  2.41)	Acc@5  19.42 ( 18.28)
Epoch: [92][20/30]	Time  3.791 ( 4.546)	Data  0.210 ( 0.992)	Loss 4.2506e+00 (4.2111e+00)	Acc@1   2.12 (  2.37)	Acc@5  16.35 ( 17.66)
Epoch: [92][30/30]	Time  3.408 ( 4.258)	Data  0.000 ( 0.725)	Loss 4.3711e+00 (4.2262e+00)	Acc@1   2.12 (  2.31)	Acc@5  18.46 ( 17.40)
Epoch 93/101
----------
Epoch: [93][ 0/30]	Time 23.736 (23.736)	Data 20.291 (20.291)	Loss 4.3421e+00 (4.3421e+00)	Acc@1   1.73 (  1.73)	Acc@5  15.77 ( 15.77)
Epoch: [93][10/30]	Time  3.692 ( 5.592)	Data  0.151 ( 2.004)	Loss 4.4063e+00 (4.3124e+00)	Acc@1   2.40 (  2.24)	Acc@5  16.92 ( 17.45)
Epoch: [93][20/30]	Time  3.634 ( 4.675)	Data  0.150 ( 1.131)	Loss 4.2557e+00 (4.2570e+00)	Acc@1   2.12 (  2.20)	Acc@5  17.12 ( 17.59)
Epoch: [93][30/30]	Time  3.464 ( 4.350)	Data  0.000 ( 0.814)	Loss 4.2542e+00 (4.2420e+00)	Acc@1   1.54 (  2.13)	Acc@5  16.73 ( 17.57)
Epoch 94/101
----------
Epoch: [94][ 0/30]	Time 23.834 (23.834)	Data 20.102 (20.102)	Loss 4.4630e+00 (4.4630e+00)	Acc@1   2.12 (  2.12)	Acc@5  16.63 ( 16.63)
Epoch: [94][10/30]	Time  3.612 ( 5.587)	Data  0.207 ( 2.010)	Loss 4.2472e+00 (4.2775e+00)	Acc@1   3.27 (  2.30)	Acc@5  19.52 ( 17.68)
Epoch: [94][20/30]	Time  3.787 ( 4.688)	Data  0.214 ( 1.147)	Loss 4.1204e+00 (4.2483e+00)	Acc@1   1.73 (  2.14)	Acc@5  17.02 ( 17.52)
Epoch: [94][30/30]	Time  3.472 ( 4.365)	Data  0.000 ( 0.836)	Loss 4.1680e+00 (4.2253e+00)	Acc@1   2.50 (  2.14)	Acc@5  17.40 ( 17.26)
Epoch 95/101
----------
Epoch: [95][ 0/30]	Time 20.243 (20.243)	Data 16.695 (16.695)	Loss 4.2669e+00 (4.2669e+00)	Acc@1   2.98 (  2.98)	Acc@5  17.60 ( 17.60)
Epoch: [95][10/30]	Time  3.722 ( 5.299)	Data  0.185 ( 1.718)	Loss 4.2411e+00 (4.2250e+00)	Acc@1   1.73 (  2.35)	Acc@5  18.37 ( 17.31)
Epoch: [95][20/30]	Time  4.018 ( 4.594)	Data  0.182 ( 0.992)	Loss 4.2600e+00 (4.2279e+00)	Acc@1   2.69 (  2.37)	Acc@5  17.40 ( 17.45)
Epoch: [95][30/30]	Time  3.416 ( 4.291)	Data  0.000 ( 0.727)	Loss 4.1759e+00 (4.2154e+00)	Acc@1   2.02 (  2.27)	Acc@5  16.83 ( 17.27)
Epoch 96/101
----------
Epoch: [96][ 0/30]	Time 20.699 (20.699)	Data 17.050 (17.050)	Loss 4.1431e+00 (4.1431e+00)	Acc@1   2.21 (  2.21)	Acc@5  15.67 ( 15.67)
Epoch: [96][10/30]	Time  3.605 ( 5.303)	Data  0.136 ( 1.707)	Loss 4.1714e+00 (4.2037e+00)	Acc@1   1.63 (  2.11)	Acc@5  18.46 ( 17.90)
Epoch: [96][20/30]	Time  3.774 ( 4.538)	Data  0.266 ( 0.981)	Loss 4.1484e+00 (4.1938e+00)	Acc@1   1.83 (  2.19)	Acc@5  15.67 ( 17.66)
Epoch: [96][30/30]	Time  3.452 ( 4.257)	Data  0.000 ( 0.720)	Loss 4.1859e+00 (4.1939e+00)	Acc@1   1.35 (  2.12)	Acc@5  16.73 ( 17.46)
Epoch 97/101
----------
Epoch: [97][ 0/30]	Time 24.876 (24.876)	Data 20.542 (20.542)	Loss 4.2248e+00 (4.2248e+00)	Acc@1   1.73 (  1.73)	Acc@5  16.63 ( 16.63)
Epoch: [97][10/30]	Time  3.874 ( 5.822)	Data  0.285 ( 2.055)	Loss 4.2381e+00 (4.2478e+00)	Acc@1   2.02 (  2.33)	Acc@5  15.96 ( 16.61)
Epoch: [97][20/30]	Time  4.117 ( 4.915)	Data  0.357 ( 1.195)	Loss 4.2090e+00 (4.2139e+00)	Acc@1   1.54 (  2.43)	Acc@5  17.60 ( 17.24)
Epoch: [97][30/30]	Time  3.455 ( 4.527)	Data  0.000 ( 0.863)	Loss 4.1551e+00 (4.2004e+00)	Acc@1   1.83 (  2.34)	Acc@5  17.60 ( 17.17)
Epoch 98/101
----------
Epoch: [98][ 0/30]	Time 19.547 (19.547)	Data 15.699 (15.699)	Loss 4.5258e+00 (4.5258e+00)	Acc@1   1.92 (  1.92)	Acc@5  18.08 ( 18.08)
Epoch: [98][10/30]	Time  3.607 ( 5.208)	Data  0.202 ( 1.603)	Loss 4.1292e+00 (4.2137e+00)	Acc@1   2.60 (  2.50)	Acc@5  20.10 ( 18.06)
Epoch: [98][20/30]	Time  3.695 ( 4.488)	Data  0.194 ( 0.936)	Loss 4.1186e+00 (4.2094e+00)	Acc@1   2.02 (  2.34)	Acc@5  16.63 ( 17.75)
Epoch: [98][30/30]	Time  3.440 ( 4.213)	Data  0.000 ( 0.685)	Loss 4.1234e+00 (4.1775e+00)	Acc@1   1.92 (  2.30)	Acc@5  17.40 ( 17.74)
Epoch 99/101
----------
Epoch: [99][ 0/30]	Time 19.565 (19.565)	Data 15.994 (15.994)	Loss 4.2738e+00 (4.2738e+00)	Acc@1   2.79 (  2.79)	Acc@5  17.69 ( 17.69)
Epoch: [99][10/30]	Time  3.695 ( 5.190)	Data  0.325 ( 1.662)	Loss 4.2075e+00 (4.2424e+00)	Acc@1   2.79 (  2.40)	Acc@5  18.27 ( 18.04)
Epoch: [99][20/30]	Time  3.736 ( 4.469)	Data  0.234 ( 0.968)	Loss 4.1475e+00 (4.2099e+00)	Acc@1   1.35 (  2.26)	Acc@5  17.79 ( 17.54)
Epoch: [99][30/30]	Time  3.413 ( 4.193)	Data  0.000 ( 0.709)	Loss 4.1229e+00 (4.1853e+00)	Acc@1   1.44 (  2.17)	Acc@5  17.60 ( 17.35)
Epoch 100/101
----------
Epoch: [100][ 0/30]	Time 19.975 (19.975)	Data 16.372 (16.372)	Loss 4.2791e+00 (4.2791e+00)	Acc@1   1.63 (  1.63)	Acc@5  16.92 ( 16.92)
Epoch: [100][10/30]	Time  3.652 ( 5.230)	Data  0.198 ( 1.679)	Loss 4.1597e+00 (4.1990e+00)	Acc@1   3.08 (  2.40)	Acc@5  16.92 ( 17.36)
Epoch: [100][20/30]	Time  3.691 ( 4.505)	Data  0.214 ( 0.981)	Loss 4.1903e+00 (4.1904e+00)	Acc@1   1.73 (  2.36)	Acc@5  19.33 ( 17.57)
Epoch: [100][30/30]	Time  3.359 ( 4.214)	Data  0.000 ( 0.719)	Loss 4.1385e+00 (4.1839e+00)	Acc@1   1.54 (  2.23)	Acc@5  15.96 ( 17.24)
